[2024-07-16 17:53:40 +0000] [1] [INFO] Starting gunicorn 22.0.0
[2024-07-16 17:53:40 +0000] [1] [INFO] Listening at: http://0.0.0.0:8000 (1)
[2024-07-16 17:53:40 +0000] [1] [INFO] Using worker: sync
[2024-07-16 17:53:40 +0000] [7] [INFO] Booting worker with pid: 7
[2024-07-16 17:53:40 +0000] [8] [INFO] Booting worker with pid: 8
[2024-07-16 17:53:40 +0000] [9] [INFO] Booting worker with pid: 9
[2024-07-16 17:53:40 +0000] [10] [INFO] Booting worker with pid: 10
[2024-07-16 17:53:40 +0000] [11] [INFO] Booting worker with pid: 11
[2024-07-16 17:53:40 +0000] [12] [INFO] Booting worker with pid: 12
[2024-07-16 17:53:40 +0000] [13] [INFO] Booting worker with pid: 13
[2024-07-16 17:53:40 +0000] [14] [INFO] Booting worker with pid: 14
[2024-07-16 17:53:40 +0000] [15] [INFO] Booting worker with pid: 15
[2024-07-16 17:53:40 +0000] [16] [INFO] Booting worker with pid: 16
[2024-07-16 17:53:40 +0000] [18] [INFO] Booting worker with pid: 18
[2024-07-16 17:53:40 +0000] [17] [INFO] Booting worker with pid: 17
[2024-07-16 17:53:40 +0000] [19] [INFO] Booting worker with pid: 19
[2024-07-16 17:53:40 +0000] [20] [INFO] Booting worker with pid: 20
[2024-07-16 17:53:40 +0000] [21] [INFO] Booting worker with pid: 21
[2024-07-16 17:53:40 +0000] [22] [INFO] Booting worker with pid: 22
[2024-07-16 17:53:40 +0000] [23] [INFO] Booting worker with pid: 23
[2024-07-16 17:55:06 +0000] [1] [INFO] Handling signal: term
[2024-07-16 17:55:06 +0000] [13] [INFO] Worker exiting (pid: 13)
[2024-07-16 17:55:06 +0000] [12] [INFO] Worker exiting (pid: 12)
[2024-07-16 17:55:06 +0000] [10] [INFO] Worker exiting (pid: 10)
[2024-07-16 17:55:06 +0000] [11] [INFO] Worker exiting (pid: 11)
[2024-07-16 17:55:06 +0000] [9] [INFO] Worker exiting (pid: 9)
[2024-07-16 17:55:06 +0000] [8] [INFO] Worker exiting (pid: 8)
[2024-07-16 17:55:06 +0000] [16] [INFO] Worker exiting (pid: 16)
[2024-07-16 17:55:06 +0000] [7] [INFO] Worker exiting (pid: 7)
[2024-07-16 17:55:06 +0000] [19] [INFO] Worker exiting (pid: 19)
[2024-07-16 17:55:06 +0000] [14] [INFO] Worker exiting (pid: 14)
[2024-07-16 17:55:06 +0000] [18] [INFO] Worker exiting (pid: 18)
[2024-07-16 17:55:06 +0000] [22] [INFO] Worker exiting (pid: 22)
[2024-07-16 17:55:06 +0000] [17] [INFO] Worker exiting (pid: 17)
[2024-07-16 17:55:06 +0000] [21] [INFO] Worker exiting (pid: 21)
[2024-07-16 17:55:06 +0000] [23] [INFO] Worker exiting (pid: 23)
[2024-07-16 17:55:06 +0000] [15] [INFO] Worker exiting (pid: 15)
[2024-07-16 17:55:06 +0000] [20] [INFO] Worker exiting (pid: 20)
[2024-07-16 17:55:06 +0000] [1] [INFO] Shutting down: Master
[2024-07-17 20:40:49 +0000] [1] [INFO] Starting gunicorn 22.0.0
[2024-07-17 20:40:49 +0000] [1] [INFO] Listening at: http://0.0.0.0:8000 (1)
[2024-07-17 20:40:49 +0000] [1] [INFO] Using worker: sync
[2024-07-17 20:40:49 +0000] [7] [INFO] Booting worker with pid: 7
[2024-07-17 20:40:49 +0000] [8] [INFO] Booting worker with pid: 8
[2024-07-17 20:40:49 +0000] [9] [INFO] Booting worker with pid: 9
[2024-07-17 20:40:49 +0000] [10] [INFO] Booting worker with pid: 10
[2024-07-17 20:40:49 +0000] [11] [INFO] Booting worker with pid: 11
[2024-07-17 20:40:49 +0000] [12] [INFO] Booting worker with pid: 12
[2024-07-17 20:40:49 +0000] [13] [INFO] Booting worker with pid: 13
[2024-07-17 20:40:49 +0000] [14] [INFO] Booting worker with pid: 14
[2024-07-17 20:40:50 +0000] [15] [INFO] Booting worker with pid: 15
[2024-07-17 20:40:50 +0000] [17] [INFO] Booting worker with pid: 17
[2024-07-17 20:40:50 +0000] [16] [INFO] Booting worker with pid: 16
[2024-07-17 20:40:50 +0000] [18] [INFO] Booting worker with pid: 18
[2024-07-17 20:40:50 +0000] [19] [INFO] Booting worker with pid: 19
[2024-07-17 20:40:50 +0000] [20] [INFO] Booting worker with pid: 20
[2024-07-17 20:40:50 +0000] [21] [INFO] Booting worker with pid: 21
[2024-07-17 20:40:50 +0000] [22] [INFO] Booting worker with pid: 22
[2024-07-17 20:40:50 +0000] [23] [INFO] Booting worker with pid: 23
Not Found: /static/css/style.css
Not Found: /media/event/img/2024/UQdYKRU.png
Not Found: /static/css/fontawesome.min.css
Not Found: /static/img/hero-5.png
Not Found: /static/css/bootstrap.min.css
Not Found: /static/img/logo.jpg
Not Found: /static/js/bootstrap.bundle.min.js
Not Found: /static/img/hero-6.jpg
Not Found: /static/js/main.js
Not Found: /static/favicon.ico
[2024-07-17 20:47:40 +0000] [1] [INFO] Handling signal: term
[2024-07-17 20:47:40 +0000] [18] [INFO] Worker exiting (pid: 18)
[2024-07-17 20:47:40 +0000] [12] [INFO] Worker exiting (pid: 12)
[2024-07-17 20:47:40 +0000] [10] [INFO] Worker exiting (pid: 10)
[2024-07-17 20:47:40 +0000] [22] [INFO] Worker exiting (pid: 22)
[2024-07-17 20:47:40 +0000] [11] [INFO] Worker exiting (pid: 11)
[2024-07-17 20:47:40 +0000] [23] [INFO] Worker exiting (pid: 23)
[2024-07-17 20:47:40 +0000] [9] [INFO] Worker exiting (pid: 9)
[2024-07-17 20:47:40 +0000] [20] [INFO] Worker exiting (pid: 20)
[2024-07-17 20:47:40 +0000] [8] [INFO] Worker exiting (pid: 8)
[2024-07-17 20:47:40 +0000] [17] [INFO] Worker exiting (pid: 17)
[2024-07-17 20:47:40 +0000] [21] [INFO] Worker exiting (pid: 21)
[2024-07-17 20:47:40 +0000] [7] [INFO] Worker exiting (pid: 7)
[2024-07-17 20:47:40 +0000] [14] [INFO] Worker exiting (pid: 14)
[2024-07-17 20:47:40 +0000] [16] [INFO] Worker exiting (pid: 16)
[2024-07-17 20:47:40 +0000] [15] [INFO] Worker exiting (pid: 15)
[2024-07-17 20:47:40 +0000] [13] [INFO] Worker exiting (pid: 13)
[2024-07-17 20:47:40 +0000] [19] [INFO] Worker exiting (pid: 19)
[2024-07-17 20:47:41 +0000] [1] [INFO] Shutting down: Master
[2024-07-17 20:48:12 +0000] [1] [INFO] Starting gunicorn 22.0.0
[2024-07-17 20:48:12 +0000] [1] [INFO] Listening at: http://0.0.0.0:8000 (1)
[2024-07-17 20:48:12 +0000] [1] [INFO] Using worker: sync
[2024-07-17 20:48:12 +0000] [7] [INFO] Booting worker with pid: 7
[2024-07-17 20:48:12 +0000] [8] [INFO] Booting worker with pid: 8
[2024-07-17 20:48:12 +0000] [9] [INFO] Booting worker with pid: 9
[2024-07-17 20:48:12 +0000] [10] [INFO] Booting worker with pid: 10
[2024-07-17 20:48:12 +0000] [11] [INFO] Booting worker with pid: 11
[2024-07-17 20:48:13 +0000] [12] [INFO] Booting worker with pid: 12
[2024-07-17 20:48:13 +0000] [13] [INFO] Booting worker with pid: 13
[2024-07-17 20:48:13 +0000] [14] [INFO] Booting worker with pid: 14
[2024-07-17 20:48:13 +0000] [15] [INFO] Booting worker with pid: 15
[2024-07-17 20:48:13 +0000] [16] [INFO] Booting worker with pid: 16
[2024-07-17 20:48:13 +0000] [17] [INFO] Booting worker with pid: 17
[2024-07-17 20:48:13 +0000] [19] [INFO] Booting worker with pid: 19
[2024-07-17 20:48:13 +0000] [18] [INFO] Booting worker with pid: 18
[2024-07-17 20:48:13 +0000] [20] [INFO] Booting worker with pid: 20
[2024-07-17 20:48:13 +0000] [21] [INFO] Booting worker with pid: 21
[2024-07-17 20:48:13 +0000] [22] [INFO] Booting worker with pid: 22
[2024-07-17 20:48:13 +0000] [23] [INFO] Booting worker with pid: 23
Not Found: /static/css/fontawesome.min.css
Not Found: /static/img/hero-5.png
Not Found: /static/css/bootstrap.min.css
Not Found: /static/img/logo.jpg
Not Found: /static/css/style.css
Not Found: /static/img/hero-6.jpg
Not Found: /static/js/main.js
Not Found: /media/event/img/2024/UQdYKRU.png
Not Found: /static/js/bootstrap.bundle.min.js
[2024-07-17 20:50:48 +0000] [1] [INFO] Handling signal: term
[2024-07-17 20:50:48 +0000] [10] [INFO] Worker exiting (pid: 10)
[2024-07-17 20:50:48 +0000] [8] [INFO] Worker exiting (pid: 8)
[2024-07-17 20:50:48 +0000] [13] [INFO] Worker exiting (pid: 13)
[2024-07-17 20:50:48 +0000] [18] [INFO] Worker exiting (pid: 18)
[2024-07-17 20:50:48 +0000] [12] [INFO] Worker exiting (pid: 12)
[2024-07-17 20:50:48 +0000] [11] [INFO] Worker exiting (pid: 11)
[2024-07-17 20:50:48 +0000] [14] [INFO] Worker exiting (pid: 14)
[2024-07-17 20:50:48 +0000] [7] [INFO] Worker exiting (pid: 7)
[2024-07-17 20:50:48 +0000] [17] [INFO] Worker exiting (pid: 17)
[2024-07-17 20:50:48 +0000] [21] [INFO] Worker exiting (pid: 21)
[2024-07-17 20:50:48 +0000] [22] [INFO] Worker exiting (pid: 22)
[2024-07-17 20:50:48 +0000] [23] [INFO] Worker exiting (pid: 23)
[2024-07-17 20:50:48 +0000] [15] [INFO] Worker exiting (pid: 15)
[2024-07-17 20:50:48 +0000] [9] [INFO] Worker exiting (pid: 9)
[2024-07-17 20:50:48 +0000] [19] [INFO] Worker exiting (pid: 19)
[2024-07-17 20:50:48 +0000] [20] [INFO] Worker exiting (pid: 20)
[2024-07-17 20:50:48 +0000] [16] [INFO] Worker exiting (pid: 16)
[2024-07-17 20:50:49 +0000] [1] [INFO] Shutting down: Master
[2024-07-17 20:50:53 +0000] [1] [INFO] Starting gunicorn 22.0.0
[2024-07-17 20:50:53 +0000] [1] [INFO] Listening at: http://0.0.0.0:8000 (1)
[2024-07-17 20:50:53 +0000] [1] [INFO] Using worker: sync
[2024-07-17 20:50:53 +0000] [7] [INFO] Booting worker with pid: 7
[2024-07-17 20:50:53 +0000] [8] [INFO] Booting worker with pid: 8
[2024-07-17 20:50:53 +0000] [9] [INFO] Booting worker with pid: 9
[2024-07-17 20:50:53 +0000] [10] [INFO] Booting worker with pid: 10
[2024-07-17 20:50:53 +0000] [11] [INFO] Booting worker with pid: 11
[2024-07-17 20:50:53 +0000] [12] [INFO] Booting worker with pid: 12
[2024-07-17 20:50:53 +0000] [13] [INFO] Booting worker with pid: 13
[2024-07-17 20:50:53 +0000] [14] [INFO] Booting worker with pid: 14
[2024-07-17 20:50:53 +0000] [15] [INFO] Booting worker with pid: 15
[2024-07-17 20:50:53 +0000] [16] [INFO] Booting worker with pid: 16
[2024-07-17 20:50:53 +0000] [17] [INFO] Booting worker with pid: 17
[2024-07-17 20:50:53 +0000] [19] [INFO] Booting worker with pid: 19
[2024-07-17 20:50:53 +0000] [18] [INFO] Booting worker with pid: 18
[2024-07-17 20:50:54 +0000] [20] [INFO] Booting worker with pid: 20
[2024-07-17 20:50:54 +0000] [21] [INFO] Booting worker with pid: 21
[2024-07-17 20:50:54 +0000] [22] [INFO] Booting worker with pid: 22
[2024-07-17 20:50:54 +0000] [23] [INFO] Booting worker with pid: 23
[2024-07-17 20:53:46 +0000] [1] [INFO] Handling signal: term
[2024-07-17 20:53:46 +0000] [10] [INFO] Worker exiting (pid: 10)
[2024-07-17 20:53:46 +0000] [9] [INFO] Worker exiting (pid: 9)
[2024-07-17 20:53:46 +0000] [13] [INFO] Worker exiting (pid: 13)
[2024-07-17 20:53:46 +0000] [11] [INFO] Worker exiting (pid: 11)
[2024-07-17 20:53:46 +0000] [15] [INFO] Worker exiting (pid: 15)
[2024-07-17 20:53:46 +0000] [12] [INFO] Worker exiting (pid: 12)
[2024-07-17 20:53:46 +0000] [16] [INFO] Worker exiting (pid: 16)
[2024-07-17 20:53:46 +0000] [14] [INFO] Worker exiting (pid: 14)
[2024-07-17 20:53:46 +0000] [20] [INFO] Worker exiting (pid: 20)
[2024-07-17 20:53:46 +0000] [23] [INFO] Worker exiting (pid: 23)
[2024-07-17 20:53:46 +0000] [7] [INFO] Worker exiting (pid: 7)
[2024-07-17 20:53:46 +0000] [17] [INFO] Worker exiting (pid: 17)
[2024-07-17 20:53:46 +0000] [21] [INFO] Worker exiting (pid: 21)
[2024-07-17 20:53:46 +0000] [18] [INFO] Worker exiting (pid: 18)
[2024-07-17 20:53:46 +0000] [22] [INFO] Worker exiting (pid: 22)
[2024-07-17 20:53:46 +0000] [8] [INFO] Worker exiting (pid: 8)
[2024-07-17 20:53:46 +0000] [19] [INFO] Worker exiting (pid: 19)
[2024-07-17 20:53:47 +0000] [1] [INFO] Shutting down: Master
[2024-07-17 21:07:31 +0000] [1] [INFO] Starting gunicorn 22.0.0
[2024-07-17 21:07:31 +0000] [1] [INFO] Listening at: http://0.0.0.0:8000 (1)
[2024-07-17 21:07:31 +0000] [1] [INFO] Using worker: sync
[2024-07-17 21:07:31 +0000] [7] [INFO] Booting worker with pid: 7
[2024-07-17 21:07:31 +0000] [8] [INFO] Booting worker with pid: 8
[2024-07-17 21:07:32 +0000] [9] [INFO] Booting worker with pid: 9
[2024-07-17 21:07:32 +0000] [10] [INFO] Booting worker with pid: 10
[2024-07-17 21:07:32 +0000] [11] [INFO] Booting worker with pid: 11
[2024-07-17 21:07:32 +0000] [12] [INFO] Booting worker with pid: 12
[2024-07-17 21:07:32 +0000] [13] [INFO] Booting worker with pid: 13
[2024-07-17 21:07:32 +0000] [14] [INFO] Booting worker with pid: 14
[2024-07-17 21:07:32 +0000] [15] [INFO] Booting worker with pid: 15
[2024-07-17 21:07:32 +0000] [16] [INFO] Booting worker with pid: 16
[2024-07-17 21:07:32 +0000] [18] [INFO] Booting worker with pid: 18
[2024-07-17 21:07:32 +0000] [17] [INFO] Booting worker with pid: 17
[2024-07-17 21:07:32 +0000] [20] [INFO] Booting worker with pid: 20
[2024-07-17 21:07:32 +0000] [19] [INFO] Booting worker with pid: 19
[2024-07-17 21:07:32 +0000] [21] [INFO] Booting worker with pid: 21
[2024-07-17 21:07:32 +0000] [22] [INFO] Booting worker with pid: 22
[2024-07-17 21:07:32 +0000] [23] [INFO] Booting worker with pid: 23
[2024-07-17 21:08:19 +0000] [1] [INFO] Handling signal: term
[2024-07-17 21:08:19 +0000] [14] [INFO] Worker exiting (pid: 14)
[2024-07-17 21:08:19 +0000] [10] [INFO] Worker exiting (pid: 10)
[2024-07-17 21:08:19 +0000] [20] [INFO] Worker exiting (pid: 20)
[2024-07-17 21:08:19 +0000] [11] [INFO] Worker exiting (pid: 11)
[2024-07-17 21:08:19 +0000] [23] [INFO] Worker exiting (pid: 23)
[2024-07-17 21:08:19 +0000] [17] [INFO] Worker exiting (pid: 17)
[2024-07-17 21:08:19 +0000] [7] [INFO] Worker exiting (pid: 7)
[2024-07-17 21:08:19 +0000] [8] [INFO] Worker exiting (pid: 8)
[2024-07-17 21:08:19 +0000] [12] [INFO] Worker exiting (pid: 12)
[2024-07-17 21:08:19 +0000] [16] [INFO] Worker exiting (pid: 16)
[2024-07-17 21:08:19 +0000] [13] [INFO] Worker exiting (pid: 13)
[2024-07-17 21:08:19 +0000] [9] [INFO] Worker exiting (pid: 9)
[2024-07-17 21:08:19 +0000] [15] [INFO] Worker exiting (pid: 15)
[2024-07-17 21:08:19 +0000] [21] [INFO] Worker exiting (pid: 21)
[2024-07-17 21:08:19 +0000] [19] [INFO] Worker exiting (pid: 19)
[2024-07-17 21:08:19 +0000] [18] [INFO] Worker exiting (pid: 18)
[2024-07-17 21:08:19 +0000] [22] [INFO] Worker exiting (pid: 22)
[2024-07-17 21:08:20 +0000] [1] [INFO] Shutting down: Master
[2024-07-17 21:08:27 +0000] [1] [INFO] Starting gunicorn 22.0.0
[2024-07-17 21:08:27 +0000] [1] [INFO] Listening at: http://0.0.0.0:8000 (1)
[2024-07-17 21:08:27 +0000] [1] [INFO] Using worker: sync
[2024-07-17 21:08:27 +0000] [7] [INFO] Booting worker with pid: 7
[2024-07-17 21:08:27 +0000] [8] [INFO] Booting worker with pid: 8
[2024-07-17 21:08:28 +0000] [9] [INFO] Booting worker with pid: 9
[2024-07-17 21:08:28 +0000] [10] [INFO] Booting worker with pid: 10
[2024-07-17 21:08:28 +0000] [11] [INFO] Booting worker with pid: 11
[2024-07-17 21:08:28 +0000] [12] [INFO] Booting worker with pid: 12
[2024-07-17 21:08:28 +0000] [13] [INFO] Booting worker with pid: 13
[2024-07-17 21:08:28 +0000] [14] [INFO] Booting worker with pid: 14
[2024-07-17 21:08:28 +0000] [15] [INFO] Booting worker with pid: 15
[2024-07-17 21:08:28 +0000] [16] [INFO] Booting worker with pid: 16
[2024-07-17 21:08:28 +0000] [17] [INFO] Booting worker with pid: 17
[2024-07-17 21:08:28 +0000] [18] [INFO] Booting worker with pid: 18
[2024-07-17 21:08:28 +0000] [19] [INFO] Booting worker with pid: 19
[2024-07-17 21:08:28 +0000] [20] [INFO] Booting worker with pid: 20
[2024-07-17 21:08:28 +0000] [21] [INFO] Booting worker with pid: 21
[2024-07-17 21:08:28 +0000] [22] [INFO] Booting worker with pid: 22
[2024-07-17 21:08:28 +0000] [23] [INFO] Booting worker with pid: 23
[2024-07-17 21:09:26 +0000] [1] [INFO] Handling signal: term
[2024-07-17 21:09:26 +0000] [10] [INFO] Worker exiting (pid: 10)
[2024-07-17 21:09:26 +0000] [15] [INFO] Worker exiting (pid: 15)
[2024-07-17 21:09:26 +0000] [12] [INFO] Worker exiting (pid: 12)
[2024-07-17 21:09:26 +0000] [7] [INFO] Worker exiting (pid: 7)
[2024-07-17 21:09:26 +0000] [9] [INFO] Worker exiting (pid: 9)
[2024-07-17 21:09:26 +0000] [13] [INFO] Worker exiting (pid: 13)
[2024-07-17 21:09:26 +0000] [11] [INFO] Worker exiting (pid: 11)
[2024-07-17 21:09:26 +0000] [8] [INFO] Worker exiting (pid: 8)
[2024-07-17 21:09:26 +0000] [16] [INFO] Worker exiting (pid: 16)
[2024-07-17 21:09:26 +0000] [17] [INFO] Worker exiting (pid: 17)
[2024-07-17 21:09:26 +0000] [18] [INFO] Worker exiting (pid: 18)
[2024-07-17 21:09:26 +0000] [20] [INFO] Worker exiting (pid: 20)
[2024-07-17 21:09:26 +0000] [19] [INFO] Worker exiting (pid: 19)
[2024-07-17 21:09:26 +0000] [23] [INFO] Worker exiting (pid: 23)
[2024-07-17 21:09:26 +0000] [21] [INFO] Worker exiting (pid: 21)
[2024-07-17 21:09:26 +0000] [22] [INFO] Worker exiting (pid: 22)
[2024-07-17 21:09:26 +0000] [14] [INFO] Worker exiting (pid: 14)
[2024-07-17 21:09:26 +0000] [1] [INFO] Shutting down: Master
[2024-07-17 21:10:32 +0000] [1] [INFO] Starting gunicorn 22.0.0
[2024-07-17 21:10:32 +0000] [1] [INFO] Listening at: http://0.0.0.0:8000 (1)
[2024-07-17 21:10:32 +0000] [1] [INFO] Using worker: sync
[2024-07-17 21:10:32 +0000] [7] [INFO] Booting worker with pid: 7
[2024-07-17 21:10:32 +0000] [8] [INFO] Booting worker with pid: 8
[2024-07-17 21:10:32 +0000] [9] [INFO] Booting worker with pid: 9
[2024-07-17 21:10:32 +0000] [10] [INFO] Booting worker with pid: 10
[2024-07-17 21:10:32 +0000] [11] [INFO] Booting worker with pid: 11
[2024-07-17 21:10:32 +0000] [12] [INFO] Booting worker with pid: 12
[2024-07-17 21:10:32 +0000] [13] [INFO] Booting worker with pid: 13
[2024-07-17 21:10:32 +0000] [14] [INFO] Booting worker with pid: 14
[2024-07-17 21:10:32 +0000] [15] [INFO] Booting worker with pid: 15
[2024-07-17 21:10:32 +0000] [16] [INFO] Booting worker with pid: 16
[2024-07-17 21:10:32 +0000] [17] [INFO] Booting worker with pid: 17
[2024-07-17 21:10:32 +0000] [18] [INFO] Booting worker with pid: 18
[2024-07-17 21:10:32 +0000] [19] [INFO] Booting worker with pid: 19
[2024-07-17 21:10:32 +0000] [20] [INFO] Booting worker with pid: 20
[2024-07-17 21:10:33 +0000] [21] [INFO] Booting worker with pid: 21
[2024-07-17 21:10:33 +0000] [22] [INFO] Booting worker with pid: 22
[2024-07-17 21:10:33 +0000] [23] [INFO] Booting worker with pid: 23
[2024-07-17 21:12:23 +0000] [1] [INFO] Handling signal: term
[2024-07-17 21:12:23 +0000] [17] [INFO] Worker exiting (pid: 17)
[2024-07-17 21:12:23 +0000] [9] [INFO] Worker exiting (pid: 9)
[2024-07-17 21:12:23 +0000] [7] [INFO] Worker exiting (pid: 7)
[2024-07-17 21:12:23 +0000] [8] [INFO] Worker exiting (pid: 8)
[2024-07-17 21:12:23 +0000] [10] [INFO] Worker exiting (pid: 10)
[2024-07-17 21:12:23 +0000] [13] [INFO] Worker exiting (pid: 13)
[2024-07-17 21:12:23 +0000] [16] [INFO] Worker exiting (pid: 16)
[2024-07-17 21:12:23 +0000] [15] [INFO] Worker exiting (pid: 15)
[2024-07-17 21:12:23 +0000] [12] [INFO] Worker exiting (pid: 12)
[2024-07-17 21:12:23 +0000] [14] [INFO] Worker exiting (pid: 14)
[2024-07-17 21:12:23 +0000] [11] [INFO] Worker exiting (pid: 11)
[2024-07-17 21:12:23 +0000] [21] [INFO] Worker exiting (pid: 21)
[2024-07-17 21:12:23 +0000] [22] [INFO] Worker exiting (pid: 22)
[2024-07-17 21:12:23 +0000] [23] [INFO] Worker exiting (pid: 23)
[2024-07-17 21:12:23 +0000] [20] [INFO] Worker exiting (pid: 20)
[2024-07-17 21:12:23 +0000] [19] [INFO] Worker exiting (pid: 19)
[2024-07-17 21:12:23 +0000] [18] [INFO] Worker exiting (pid: 18)
[2024-07-17 21:12:24 +0000] [1] [INFO] Shutting down: Master
[2024-07-17 21:12:30 +0000] [1] [INFO] Starting gunicorn 22.0.0
[2024-07-17 21:12:30 +0000] [1] [INFO] Listening at: http://0.0.0.0:8000 (1)
[2024-07-17 21:12:30 +0000] [1] [INFO] Using worker: sync
[2024-07-17 21:12:30 +0000] [7] [INFO] Booting worker with pid: 7
[2024-07-17 21:12:30 +0000] [8] [INFO] Booting worker with pid: 8
[2024-07-17 21:12:30 +0000] [9] [INFO] Booting worker with pid: 9
[2024-07-17 21:12:30 +0000] [10] [INFO] Booting worker with pid: 10
[2024-07-17 21:12:31 +0000] [11] [INFO] Booting worker with pid: 11
[2024-07-17 21:12:31 +0000] [12] [INFO] Booting worker with pid: 12
[2024-07-17 21:12:31 +0000] [13] [INFO] Booting worker with pid: 13
[2024-07-17 21:12:31 +0000] [14] [INFO] Booting worker with pid: 14
[2024-07-17 21:12:31 +0000] [15] [INFO] Booting worker with pid: 15
[2024-07-17 21:12:31 +0000] [16] [INFO] Booting worker with pid: 16
[2024-07-17 21:12:31 +0000] [17] [INFO] Booting worker with pid: 17
[2024-07-17 21:12:31 +0000] [18] [INFO] Booting worker with pid: 18
[2024-07-17 21:12:31 +0000] [19] [INFO] Booting worker with pid: 19
[2024-07-17 21:12:31 +0000] [20] [INFO] Booting worker with pid: 20
[2024-07-17 21:12:31 +0000] [21] [INFO] Booting worker with pid: 21
[2024-07-17 21:12:31 +0000] [22] [INFO] Booting worker with pid: 22
[2024-07-17 21:12:31 +0000] [23] [INFO] Booting worker with pid: 23
[2024-07-17 21:12:35 +0000] [12] [ERROR] Error handling request /
Traceback (most recent call last):
  File "/usr/local/lib/python3.12/site-packages/django/core/handlers/exception.py", line 55, in inner
    response = get_response(request)
               ^^^^^^^^^^^^^^^^^^^^^
  File "/usr/local/lib/python3.12/site-packages/django/utils/deprecation.py", line 133, in __call__
    response = self.process_request(request)
               ^^^^^^^^^^^^^^^^^^^^^^^^^^^^^
  File "/usr/local/lib/python3.12/site-packages/django/middleware/common.py", line 48, in process_request
    host = request.get_host()
           ^^^^^^^^^^^^^^^^^^
  File "/usr/local/lib/python3.12/site-packages/django/http/request.py", line 151, in get_host
    raise DisallowedHost(msg)
django.core.exceptions.DisallowedHost: Invalid HTTP_HOST header: 'localhost'. You may need to add 'localhost' to ALLOWED_HOSTS.

During handling of the above exception, another exception occurred:

Traceback (most recent call last):
  File "/usr/local/lib/python3.12/site-packages/django/core/handlers/exception.py", line 55, in inner
    response = get_response(request)
               ^^^^^^^^^^^^^^^^^^^^^
  File "/usr/local/lib/python3.12/site-packages/django/utils/deprecation.py", line 134, in __call__
    response = response or self.get_response(request)
                           ^^^^^^^^^^^^^^^^^^^^^^^^^^
  File "/usr/local/lib/python3.12/site-packages/django/core/handlers/exception.py", line 57, in inner
    response = response_for_exception(request, exc)
               ^^^^^^^^^^^^^^^^^^^^^^^^^^^^^^^^^^^^
  File "/usr/local/lib/python3.12/site-packages/django/core/handlers/exception.py", line 124, in response_for_exception
    security_logger.error(
  File "/usr/local/lib/python3.12/logging/__init__.py", line 1568, in error
    self._log(ERROR, msg, args, **kwargs)
  File "/usr/local/lib/python3.12/logging/__init__.py", line 1684, in _log
    self.handle(record)
  File "/usr/local/lib/python3.12/logging/__init__.py", line 1700, in handle
    self.callHandlers(record)
  File "/usr/local/lib/python3.12/logging/__init__.py", line 1762, in callHandlers
    hdlr.handle(record)
  File "/usr/local/lib/python3.12/logging/__init__.py", line 1028, in handle
    self.emit(record)
  File "/usr/local/lib/python3.12/site-packages/django/utils/log.py", line 128, in emit
    self.send_mail(subject, message, fail_silently=True, html_message=html_message)
  File "/usr/local/lib/python3.12/site-packages/django/utils/log.py", line 132, in send_mail
    subject, message, *args, connection=self.connection(), **kwargs
                                        ^^^^^^^^^^^^^^^^^
  File "/usr/local/lib/python3.12/site-packages/django/utils/log.py", line 136, in connection
    return get_connection(backend=self.email_backend, fail_silently=True)
           ^^^^^^^^^^^^^^^^^^^^^^^^^^^^^^^^^^^^^^^^^^^^^^^^^^^^^^^^^^^^^^
  File "/usr/local/lib/python3.12/site-packages/django/core/mail/__init__.py", line 51, in get_connection
    klass = import_string(backend or settings.EMAIL_BACKEND)
            ^^^^^^^^^^^^^^^^^^^^^^^^^^^^^^^^^^^^^^^^^^^^^^^^
  File "/usr/local/lib/python3.12/site-packages/django/utils/module_loading.py", line 30, in import_string
    return cached_import(module_path, class_name)
           ^^^^^^^^^^^^^^^^^^^^^^^^^^^^^^^^^^^^^^
  File "/usr/local/lib/python3.12/site-packages/django/utils/module_loading.py", line 15, in cached_import
    module = import_module(module_path)
             ^^^^^^^^^^^^^^^^^^^^^^^^^^
  File "/usr/local/lib/python3.12/importlib/__init__.py", line 90, in import_module
    return _bootstrap._gcd_import(name[level:], package, level)
           ^^^^^^^^^^^^^^^^^^^^^^^^^^^^^^^^^^^^^^^^^^^^^^^^^^^^
  File "<frozen importlib._bootstrap>", line 1387, in _gcd_import
  File "<frozen importlib._bootstrap>", line 1360, in _find_and_load
  File "<frozen importlib._bootstrap>", line 1324, in _find_and_load_unlocked
ModuleNotFoundError: No module named 'django_smtp_ssl'

During handling of the above exception, another exception occurred:

Traceback (most recent call last):
  File "/usr/local/lib/python3.12/site-packages/django/core/handlers/exception.py", line 55, in inner
    response = get_response(request)
               ^^^^^^^^^^^^^^^^^^^^^
  File "/usr/local/lib/python3.12/site-packages/django/utils/deprecation.py", line 134, in __call__
    response = response or self.get_response(request)
                           ^^^^^^^^^^^^^^^^^^^^^^^^^^
  File "/usr/local/lib/python3.12/site-packages/django/core/handlers/exception.py", line 57, in inner
    response = response_for_exception(request, exc)
               ^^^^^^^^^^^^^^^^^^^^^^^^^^^^^^^^^^^^
  File "/usr/local/lib/python3.12/site-packages/django/core/handlers/exception.py", line 143, in response_for_exception
    log_response(
  File "/usr/local/lib/python3.12/site-packages/django/utils/log.py", line 241, in log_response
    getattr(logger, level)(
  File "/usr/local/lib/python3.12/logging/__init__.py", line 1568, in error
    self._log(ERROR, msg, args, **kwargs)
  File "/usr/local/lib/python3.12/logging/__init__.py", line 1684, in _log
    self.handle(record)
  File "/usr/local/lib/python3.12/logging/__init__.py", line 1700, in handle
    self.callHandlers(record)
  File "/usr/local/lib/python3.12/logging/__init__.py", line 1762, in callHandlers
    hdlr.handle(record)
  File "/usr/local/lib/python3.12/logging/__init__.py", line 1028, in handle
    self.emit(record)
  File "/usr/local/lib/python3.12/site-packages/django/utils/log.py", line 128, in emit
    self.send_mail(subject, message, fail_silently=True, html_message=html_message)
  File "/usr/local/lib/python3.12/site-packages/django/utils/log.py", line 132, in send_mail
    subject, message, *args, connection=self.connection(), **kwargs
                                        ^^^^^^^^^^^^^^^^^
  File "/usr/local/lib/python3.12/site-packages/django/utils/log.py", line 136, in connection
    return get_connection(backend=self.email_backend, fail_silently=True)
           ^^^^^^^^^^^^^^^^^^^^^^^^^^^^^^^^^^^^^^^^^^^^^^^^^^^^^^^^^^^^^^
  File "/usr/local/lib/python3.12/site-packages/django/core/mail/__init__.py", line 51, in get_connection
    klass = import_string(backend or settings.EMAIL_BACKEND)
            ^^^^^^^^^^^^^^^^^^^^^^^^^^^^^^^^^^^^^^^^^^^^^^^^
  File "/usr/local/lib/python3.12/site-packages/django/utils/module_loading.py", line 30, in import_string
    return cached_import(module_path, class_name)
           ^^^^^^^^^^^^^^^^^^^^^^^^^^^^^^^^^^^^^^
  File "/usr/local/lib/python3.12/site-packages/django/utils/module_loading.py", line 15, in cached_import
    module = import_module(module_path)
             ^^^^^^^^^^^^^^^^^^^^^^^^^^
  File "/usr/local/lib/python3.12/importlib/__init__.py", line 90, in import_module
    return _bootstrap._gcd_import(name[level:], package, level)
           ^^^^^^^^^^^^^^^^^^^^^^^^^^^^^^^^^^^^^^^^^^^^^^^^^^^^
  File "<frozen importlib._bootstrap>", line 1387, in _gcd_import
  File "<frozen importlib._bootstrap>", line 1360, in _find_and_load
  File "<frozen importlib._bootstrap>", line 1324, in _find_and_load_unlocked
ModuleNotFoundError: No module named 'django_smtp_ssl'

During handling of the above exception, another exception occurred:

Traceback (most recent call last):
  File "/usr/local/lib/python3.12/site-packages/gunicorn/workers/sync.py", line 135, in handle
    self.handle_request(listener, req, client, addr)
  File "/usr/local/lib/python3.12/site-packages/gunicorn/workers/sync.py", line 178, in handle_request
    respiter = self.wsgi(environ, resp.start_response)
               ^^^^^^^^^^^^^^^^^^^^^^^^^^^^^^^^^^^^^^^
  File "/usr/local/lib/python3.12/site-packages/django/core/handlers/wsgi.py", line 124, in __call__
    response = self.get_response(request)
               ^^^^^^^^^^^^^^^^^^^^^^^^^^
  File "/usr/local/lib/python3.12/site-packages/django/core/handlers/base.py", line 140, in get_response
    response = self._middleware_chain(request)
               ^^^^^^^^^^^^^^^^^^^^^^^^^^^^^^^
  File "/usr/local/lib/python3.12/site-packages/django/core/handlers/exception.py", line 57, in inner
    response = response_for_exception(request, exc)
               ^^^^^^^^^^^^^^^^^^^^^^^^^^^^^^^^^^^^
  File "/usr/local/lib/python3.12/site-packages/django/core/handlers/exception.py", line 143, in response_for_exception
    log_response(
  File "/usr/local/lib/python3.12/site-packages/django/utils/log.py", line 241, in log_response
    getattr(logger, level)(
  File "/usr/local/lib/python3.12/logging/__init__.py", line 1568, in error
    self._log(ERROR, msg, args, **kwargs)
  File "/usr/local/lib/python3.12/logging/__init__.py", line 1684, in _log
    self.handle(record)
  File "/usr/local/lib/python3.12/logging/__init__.py", line 1700, in handle
    self.callHandlers(record)
  File "/usr/local/lib/python3.12/logging/__init__.py", line 1762, in callHandlers
    hdlr.handle(record)
  File "/usr/local/lib/python3.12/logging/__init__.py", line 1028, in handle
    self.emit(record)
  File "/usr/local/lib/python3.12/site-packages/django/utils/log.py", line 128, in emit
    self.send_mail(subject, message, fail_silently=True, html_message=html_message)
  File "/usr/local/lib/python3.12/site-packages/django/utils/log.py", line 132, in send_mail
    subject, message, *args, connection=self.connection(), **kwargs
                                        ^^^^^^^^^^^^^^^^^
  File "/usr/local/lib/python3.12/site-packages/django/utils/log.py", line 136, in connection
    return get_connection(backend=self.email_backend, fail_silently=True)
           ^^^^^^^^^^^^^^^^^^^^^^^^^^^^^^^^^^^^^^^^^^^^^^^^^^^^^^^^^^^^^^
  File "/usr/local/lib/python3.12/site-packages/django/core/mail/__init__.py", line 51, in get_connection
    klass = import_string(backend or settings.EMAIL_BACKEND)
            ^^^^^^^^^^^^^^^^^^^^^^^^^^^^^^^^^^^^^^^^^^^^^^^^
  File "/usr/local/lib/python3.12/site-packages/django/utils/module_loading.py", line 30, in import_string
    return cached_import(module_path, class_name)
           ^^^^^^^^^^^^^^^^^^^^^^^^^^^^^^^^^^^^^^
  File "/usr/local/lib/python3.12/site-packages/django/utils/module_loading.py", line 15, in cached_import
    module = import_module(module_path)
             ^^^^^^^^^^^^^^^^^^^^^^^^^^
  File "/usr/local/lib/python3.12/importlib/__init__.py", line 90, in import_module
    return _bootstrap._gcd_import(name[level:], package, level)
           ^^^^^^^^^^^^^^^^^^^^^^^^^^^^^^^^^^^^^^^^^^^^^^^^^^^^
  File "<frozen importlib._bootstrap>", line 1387, in _gcd_import
  File "<frozen importlib._bootstrap>", line 1360, in _find_and_load
  File "<frozen importlib._bootstrap>", line 1324, in _find_and_load_unlocked
ModuleNotFoundError: No module named 'django_smtp_ssl'
[2024-07-17 21:12:37 +0000] [23] [ERROR] Error handling request /
Traceback (most recent call last):
  File "/usr/local/lib/python3.12/site-packages/django/core/handlers/exception.py", line 55, in inner
    response = get_response(request)
               ^^^^^^^^^^^^^^^^^^^^^
  File "/usr/local/lib/python3.12/site-packages/django/utils/deprecation.py", line 133, in __call__
    response = self.process_request(request)
               ^^^^^^^^^^^^^^^^^^^^^^^^^^^^^
  File "/usr/local/lib/python3.12/site-packages/django/middleware/common.py", line 48, in process_request
    host = request.get_host()
           ^^^^^^^^^^^^^^^^^^
  File "/usr/local/lib/python3.12/site-packages/django/http/request.py", line 151, in get_host
    raise DisallowedHost(msg)
django.core.exceptions.DisallowedHost: Invalid HTTP_HOST header: 'localhost'. You may need to add 'localhost' to ALLOWED_HOSTS.

During handling of the above exception, another exception occurred:

Traceback (most recent call last):
  File "/usr/local/lib/python3.12/site-packages/django/core/handlers/exception.py", line 55, in inner
    response = get_response(request)
               ^^^^^^^^^^^^^^^^^^^^^
  File "/usr/local/lib/python3.12/site-packages/django/utils/deprecation.py", line 134, in __call__
    response = response or self.get_response(request)
                           ^^^^^^^^^^^^^^^^^^^^^^^^^^
  File "/usr/local/lib/python3.12/site-packages/django/core/handlers/exception.py", line 57, in inner
    response = response_for_exception(request, exc)
               ^^^^^^^^^^^^^^^^^^^^^^^^^^^^^^^^^^^^
  File "/usr/local/lib/python3.12/site-packages/django/core/handlers/exception.py", line 124, in response_for_exception
    security_logger.error(
  File "/usr/local/lib/python3.12/logging/__init__.py", line 1568, in error
    self._log(ERROR, msg, args, **kwargs)
  File "/usr/local/lib/python3.12/logging/__init__.py", line 1684, in _log
    self.handle(record)
  File "/usr/local/lib/python3.12/logging/__init__.py", line 1700, in handle
    self.callHandlers(record)
  File "/usr/local/lib/python3.12/logging/__init__.py", line 1762, in callHandlers
    hdlr.handle(record)
  File "/usr/local/lib/python3.12/logging/__init__.py", line 1028, in handle
    self.emit(record)
  File "/usr/local/lib/python3.12/site-packages/django/utils/log.py", line 128, in emit
    self.send_mail(subject, message, fail_silently=True, html_message=html_message)
  File "/usr/local/lib/python3.12/site-packages/django/utils/log.py", line 132, in send_mail
    subject, message, *args, connection=self.connection(), **kwargs
                                        ^^^^^^^^^^^^^^^^^
  File "/usr/local/lib/python3.12/site-packages/django/utils/log.py", line 136, in connection
    return get_connection(backend=self.email_backend, fail_silently=True)
           ^^^^^^^^^^^^^^^^^^^^^^^^^^^^^^^^^^^^^^^^^^^^^^^^^^^^^^^^^^^^^^
  File "/usr/local/lib/python3.12/site-packages/django/core/mail/__init__.py", line 51, in get_connection
    klass = import_string(backend or settings.EMAIL_BACKEND)
            ^^^^^^^^^^^^^^^^^^^^^^^^^^^^^^^^^^^^^^^^^^^^^^^^
  File "/usr/local/lib/python3.12/site-packages/django/utils/module_loading.py", line 30, in import_string
    return cached_import(module_path, class_name)
           ^^^^^^^^^^^^^^^^^^^^^^^^^^^^^^^^^^^^^^
  File "/usr/local/lib/python3.12/site-packages/django/utils/module_loading.py", line 15, in cached_import
    module = import_module(module_path)
             ^^^^^^^^^^^^^^^^^^^^^^^^^^
  File "/usr/local/lib/python3.12/importlib/__init__.py", line 90, in import_module
    return _bootstrap._gcd_import(name[level:], package, level)
           ^^^^^^^^^^^^^^^^^^^^^^^^^^^^^^^^^^^^^^^^^^^^^^^^^^^^
  File "<frozen importlib._bootstrap>", line 1387, in _gcd_import
  File "<frozen importlib._bootstrap>", line 1360, in _find_and_load
  File "<frozen importlib._bootstrap>", line 1324, in _find_and_load_unlocked
ModuleNotFoundError: No module named 'django_smtp_ssl'

During handling of the above exception, another exception occurred:

Traceback (most recent call last):
  File "/usr/local/lib/python3.12/site-packages/django/core/handlers/exception.py", line 55, in inner
    response = get_response(request)
               ^^^^^^^^^^^^^^^^^^^^^
  File "/usr/local/lib/python3.12/site-packages/django/utils/deprecation.py", line 134, in __call__
    response = response or self.get_response(request)
                           ^^^^^^^^^^^^^^^^^^^^^^^^^^
  File "/usr/local/lib/python3.12/site-packages/django/core/handlers/exception.py", line 57, in inner
    response = response_for_exception(request, exc)
               ^^^^^^^^^^^^^^^^^^^^^^^^^^^^^^^^^^^^
  File "/usr/local/lib/python3.12/site-packages/django/core/handlers/exception.py", line 143, in response_for_exception
    log_response(
  File "/usr/local/lib/python3.12/site-packages/django/utils/log.py", line 241, in log_response
    getattr(logger, level)(
  File "/usr/local/lib/python3.12/logging/__init__.py", line 1568, in error
    self._log(ERROR, msg, args, **kwargs)
  File "/usr/local/lib/python3.12/logging/__init__.py", line 1684, in _log
    self.handle(record)
  File "/usr/local/lib/python3.12/logging/__init__.py", line 1700, in handle
    self.callHandlers(record)
  File "/usr/local/lib/python3.12/logging/__init__.py", line 1762, in callHandlers
    hdlr.handle(record)
  File "/usr/local/lib/python3.12/logging/__init__.py", line 1028, in handle
    self.emit(record)
  File "/usr/local/lib/python3.12/site-packages/django/utils/log.py", line 128, in emit
    self.send_mail(subject, message, fail_silently=True, html_message=html_message)
  File "/usr/local/lib/python3.12/site-packages/django/utils/log.py", line 132, in send_mail
    subject, message, *args, connection=self.connection(), **kwargs
                                        ^^^^^^^^^^^^^^^^^
  File "/usr/local/lib/python3.12/site-packages/django/utils/log.py", line 136, in connection
    return get_connection(backend=self.email_backend, fail_silently=True)
           ^^^^^^^^^^^^^^^^^^^^^^^^^^^^^^^^^^^^^^^^^^^^^^^^^^^^^^^^^^^^^^
  File "/usr/local/lib/python3.12/site-packages/django/core/mail/__init__.py", line 51, in get_connection
    klass = import_string(backend or settings.EMAIL_BACKEND)
            ^^^^^^^^^^^^^^^^^^^^^^^^^^^^^^^^^^^^^^^^^^^^^^^^
  File "/usr/local/lib/python3.12/site-packages/django/utils/module_loading.py", line 30, in import_string
    return cached_import(module_path, class_name)
           ^^^^^^^^^^^^^^^^^^^^^^^^^^^^^^^^^^^^^^
  File "/usr/local/lib/python3.12/site-packages/django/utils/module_loading.py", line 15, in cached_import
    module = import_module(module_path)
             ^^^^^^^^^^^^^^^^^^^^^^^^^^
  File "/usr/local/lib/python3.12/importlib/__init__.py", line 90, in import_module
    return _bootstrap._gcd_import(name[level:], package, level)
           ^^^^^^^^^^^^^^^^^^^^^^^^^^^^^^^^^^^^^^^^^^^^^^^^^^^^
  File "<frozen importlib._bootstrap>", line 1387, in _gcd_import
  File "<frozen importlib._bootstrap>", line 1360, in _find_and_load
  File "<frozen importlib._bootstrap>", line 1324, in _find_and_load_unlocked
ModuleNotFoundError: No module named 'django_smtp_ssl'

During handling of the above exception, another exception occurred:

Traceback (most recent call last):
  File "/usr/local/lib/python3.12/site-packages/gunicorn/workers/sync.py", line 135, in handle
    self.handle_request(listener, req, client, addr)
  File "/usr/local/lib/python3.12/site-packages/gunicorn/workers/sync.py", line 178, in handle_request
    respiter = self.wsgi(environ, resp.start_response)
               ^^^^^^^^^^^^^^^^^^^^^^^^^^^^^^^^^^^^^^^
  File "/usr/local/lib/python3.12/site-packages/django/core/handlers/wsgi.py", line 124, in __call__
    response = self.get_response(request)
               ^^^^^^^^^^^^^^^^^^^^^^^^^^
  File "/usr/local/lib/python3.12/site-packages/django/core/handlers/base.py", line 140, in get_response
    response = self._middleware_chain(request)
               ^^^^^^^^^^^^^^^^^^^^^^^^^^^^^^^
  File "/usr/local/lib/python3.12/site-packages/django/core/handlers/exception.py", line 57, in inner
    response = response_for_exception(request, exc)
               ^^^^^^^^^^^^^^^^^^^^^^^^^^^^^^^^^^^^
  File "/usr/local/lib/python3.12/site-packages/django/core/handlers/exception.py", line 143, in response_for_exception
    log_response(
  File "/usr/local/lib/python3.12/site-packages/django/utils/log.py", line 241, in log_response
    getattr(logger, level)(
  File "/usr/local/lib/python3.12/logging/__init__.py", line 1568, in error
    self._log(ERROR, msg, args, **kwargs)
  File "/usr/local/lib/python3.12/logging/__init__.py", line 1684, in _log
    self.handle(record)
  File "/usr/local/lib/python3.12/logging/__init__.py", line 1700, in handle
    self.callHandlers(record)
  File "/usr/local/lib/python3.12/logging/__init__.py", line 1762, in callHandlers
    hdlr.handle(record)
  File "/usr/local/lib/python3.12/logging/__init__.py", line 1028, in handle
    self.emit(record)
  File "/usr/local/lib/python3.12/site-packages/django/utils/log.py", line 128, in emit
    self.send_mail(subject, message, fail_silently=True, html_message=html_message)
  File "/usr/local/lib/python3.12/site-packages/django/utils/log.py", line 132, in send_mail
    subject, message, *args, connection=self.connection(), **kwargs
                                        ^^^^^^^^^^^^^^^^^
  File "/usr/local/lib/python3.12/site-packages/django/utils/log.py", line 136, in connection
    return get_connection(backend=self.email_backend, fail_silently=True)
           ^^^^^^^^^^^^^^^^^^^^^^^^^^^^^^^^^^^^^^^^^^^^^^^^^^^^^^^^^^^^^^
  File "/usr/local/lib/python3.12/site-packages/django/core/mail/__init__.py", line 51, in get_connection
    klass = import_string(backend or settings.EMAIL_BACKEND)
            ^^^^^^^^^^^^^^^^^^^^^^^^^^^^^^^^^^^^^^^^^^^^^^^^
  File "/usr/local/lib/python3.12/site-packages/django/utils/module_loading.py", line 30, in import_string
    return cached_import(module_path, class_name)
           ^^^^^^^^^^^^^^^^^^^^^^^^^^^^^^^^^^^^^^
  File "/usr/local/lib/python3.12/site-packages/django/utils/module_loading.py", line 15, in cached_import
    module = import_module(module_path)
             ^^^^^^^^^^^^^^^^^^^^^^^^^^
  File "/usr/local/lib/python3.12/importlib/__init__.py", line 90, in import_module
    return _bootstrap._gcd_import(name[level:], package, level)
           ^^^^^^^^^^^^^^^^^^^^^^^^^^^^^^^^^^^^^^^^^^^^^^^^^^^^
  File "<frozen importlib._bootstrap>", line 1387, in _gcd_import
  File "<frozen importlib._bootstrap>", line 1360, in _find_and_load
  File "<frozen importlib._bootstrap>", line 1324, in _find_and_load_unlocked
ModuleNotFoundError: No module named 'django_smtp_ssl'
[2024-07-17 21:13:00 +0000] [10] [ERROR] Error handling request /
Traceback (most recent call last):
  File "/usr/local/lib/python3.12/site-packages/django/core/handlers/exception.py", line 55, in inner
    response = get_response(request)
               ^^^^^^^^^^^^^^^^^^^^^
  File "/usr/local/lib/python3.12/site-packages/django/utils/deprecation.py", line 133, in __call__
    response = self.process_request(request)
               ^^^^^^^^^^^^^^^^^^^^^^^^^^^^^
  File "/usr/local/lib/python3.12/site-packages/django/middleware/common.py", line 48, in process_request
    host = request.get_host()
           ^^^^^^^^^^^^^^^^^^
  File "/usr/local/lib/python3.12/site-packages/django/http/request.py", line 151, in get_host
    raise DisallowedHost(msg)
django.core.exceptions.DisallowedHost: Invalid HTTP_HOST header: 'localhost'. You may need to add 'localhost' to ALLOWED_HOSTS.

During handling of the above exception, another exception occurred:

Traceback (most recent call last):
  File "/usr/local/lib/python3.12/site-packages/django/core/handlers/exception.py", line 55, in inner
    response = get_response(request)
               ^^^^^^^^^^^^^^^^^^^^^
  File "/usr/local/lib/python3.12/site-packages/django/utils/deprecation.py", line 134, in __call__
    response = response or self.get_response(request)
                           ^^^^^^^^^^^^^^^^^^^^^^^^^^
  File "/usr/local/lib/python3.12/site-packages/django/core/handlers/exception.py", line 57, in inner
    response = response_for_exception(request, exc)
               ^^^^^^^^^^^^^^^^^^^^^^^^^^^^^^^^^^^^
  File "/usr/local/lib/python3.12/site-packages/django/core/handlers/exception.py", line 124, in response_for_exception
    security_logger.error(
  File "/usr/local/lib/python3.12/logging/__init__.py", line 1568, in error
    self._log(ERROR, msg, args, **kwargs)
  File "/usr/local/lib/python3.12/logging/__init__.py", line 1684, in _log
    self.handle(record)
  File "/usr/local/lib/python3.12/logging/__init__.py", line 1700, in handle
    self.callHandlers(record)
  File "/usr/local/lib/python3.12/logging/__init__.py", line 1762, in callHandlers
    hdlr.handle(record)
  File "/usr/local/lib/python3.12/logging/__init__.py", line 1028, in handle
    self.emit(record)
  File "/usr/local/lib/python3.12/site-packages/django/utils/log.py", line 128, in emit
    self.send_mail(subject, message, fail_silently=True, html_message=html_message)
  File "/usr/local/lib/python3.12/site-packages/django/utils/log.py", line 132, in send_mail
    subject, message, *args, connection=self.connection(), **kwargs
                                        ^^^^^^^^^^^^^^^^^
  File "/usr/local/lib/python3.12/site-packages/django/utils/log.py", line 136, in connection
    return get_connection(backend=self.email_backend, fail_silently=True)
           ^^^^^^^^^^^^^^^^^^^^^^^^^^^^^^^^^^^^^^^^^^^^^^^^^^^^^^^^^^^^^^
  File "/usr/local/lib/python3.12/site-packages/django/core/mail/__init__.py", line 51, in get_connection
    klass = import_string(backend or settings.EMAIL_BACKEND)
            ^^^^^^^^^^^^^^^^^^^^^^^^^^^^^^^^^^^^^^^^^^^^^^^^
  File "/usr/local/lib/python3.12/site-packages/django/utils/module_loading.py", line 30, in import_string
    return cached_import(module_path, class_name)
           ^^^^^^^^^^^^^^^^^^^^^^^^^^^^^^^^^^^^^^
  File "/usr/local/lib/python3.12/site-packages/django/utils/module_loading.py", line 15, in cached_import
    module = import_module(module_path)
             ^^^^^^^^^^^^^^^^^^^^^^^^^^
  File "/usr/local/lib/python3.12/importlib/__init__.py", line 90, in import_module
    return _bootstrap._gcd_import(name[level:], package, level)
           ^^^^^^^^^^^^^^^^^^^^^^^^^^^^^^^^^^^^^^^^^^^^^^^^^^^^
  File "<frozen importlib._bootstrap>", line 1387, in _gcd_import
  File "<frozen importlib._bootstrap>", line 1360, in _find_and_load
  File "<frozen importlib._bootstrap>", line 1324, in _find_and_load_unlocked
ModuleNotFoundError: No module named 'django_smtp_ssl'

During handling of the above exception, another exception occurred:

Traceback (most recent call last):
  File "/usr/local/lib/python3.12/site-packages/django/core/handlers/exception.py", line 55, in inner
    response = get_response(request)
               ^^^^^^^^^^^^^^^^^^^^^
  File "/usr/local/lib/python3.12/site-packages/django/utils/deprecation.py", line 134, in __call__
    response = response or self.get_response(request)
                           ^^^^^^^^^^^^^^^^^^^^^^^^^^
  File "/usr/local/lib/python3.12/site-packages/django/core/handlers/exception.py", line 57, in inner
    response = response_for_exception(request, exc)
               ^^^^^^^^^^^^^^^^^^^^^^^^^^^^^^^^^^^^
  File "/usr/local/lib/python3.12/site-packages/django/core/handlers/exception.py", line 143, in response_for_exception
    log_response(
  File "/usr/local/lib/python3.12/site-packages/django/utils/log.py", line 241, in log_response
    getattr(logger, level)(
  File "/usr/local/lib/python3.12/logging/__init__.py", line 1568, in error
    self._log(ERROR, msg, args, **kwargs)
  File "/usr/local/lib/python3.12/logging/__init__.py", line 1684, in _log
    self.handle(record)
  File "/usr/local/lib/python3.12/logging/__init__.py", line 1700, in handle
    self.callHandlers(record)
  File "/usr/local/lib/python3.12/logging/__init__.py", line 1762, in callHandlers
    hdlr.handle(record)
  File "/usr/local/lib/python3.12/logging/__init__.py", line 1028, in handle
    self.emit(record)
  File "/usr/local/lib/python3.12/site-packages/django/utils/log.py", line 128, in emit
    self.send_mail(subject, message, fail_silently=True, html_message=html_message)
  File "/usr/local/lib/python3.12/site-packages/django/utils/log.py", line 132, in send_mail
    subject, message, *args, connection=self.connection(), **kwargs
                                        ^^^^^^^^^^^^^^^^^
  File "/usr/local/lib/python3.12/site-packages/django/utils/log.py", line 136, in connection
    return get_connection(backend=self.email_backend, fail_silently=True)
           ^^^^^^^^^^^^^^^^^^^^^^^^^^^^^^^^^^^^^^^^^^^^^^^^^^^^^^^^^^^^^^
  File "/usr/local/lib/python3.12/site-packages/django/core/mail/__init__.py", line 51, in get_connection
    klass = import_string(backend or settings.EMAIL_BACKEND)
            ^^^^^^^^^^^^^^^^^^^^^^^^^^^^^^^^^^^^^^^^^^^^^^^^
  File "/usr/local/lib/python3.12/site-packages/django/utils/module_loading.py", line 30, in import_string
    return cached_import(module_path, class_name)
           ^^^^^^^^^^^^^^^^^^^^^^^^^^^^^^^^^^^^^^
  File "/usr/local/lib/python3.12/site-packages/django/utils/module_loading.py", line 15, in cached_import
    module = import_module(module_path)
             ^^^^^^^^^^^^^^^^^^^^^^^^^^
  File "/usr/local/lib/python3.12/importlib/__init__.py", line 90, in import_module
    return _bootstrap._gcd_import(name[level:], package, level)
           ^^^^^^^^^^^^^^^^^^^^^^^^^^^^^^^^^^^^^^^^^^^^^^^^^^^^
  File "<frozen importlib._bootstrap>", line 1387, in _gcd_import
  File "<frozen importlib._bootstrap>", line 1360, in _find_and_load
  File "<frozen importlib._bootstrap>", line 1324, in _find_and_load_unlocked
ModuleNotFoundError: No module named 'django_smtp_ssl'

During handling of the above exception, another exception occurred:

Traceback (most recent call last):
  File "/usr/local/lib/python3.12/site-packages/gunicorn/workers/sync.py", line 135, in handle
    self.handle_request(listener, req, client, addr)
  File "/usr/local/lib/python3.12/site-packages/gunicorn/workers/sync.py", line 178, in handle_request
    respiter = self.wsgi(environ, resp.start_response)
               ^^^^^^^^^^^^^^^^^^^^^^^^^^^^^^^^^^^^^^^
  File "/usr/local/lib/python3.12/site-packages/django/core/handlers/wsgi.py", line 124, in __call__
    response = self.get_response(request)
               ^^^^^^^^^^^^^^^^^^^^^^^^^^
  File "/usr/local/lib/python3.12/site-packages/django/core/handlers/base.py", line 140, in get_response
    response = self._middleware_chain(request)
               ^^^^^^^^^^^^^^^^^^^^^^^^^^^^^^^
  File "/usr/local/lib/python3.12/site-packages/django/core/handlers/exception.py", line 57, in inner
    response = response_for_exception(request, exc)
               ^^^^^^^^^^^^^^^^^^^^^^^^^^^^^^^^^^^^
  File "/usr/local/lib/python3.12/site-packages/django/core/handlers/exception.py", line 143, in response_for_exception
    log_response(
  File "/usr/local/lib/python3.12/site-packages/django/utils/log.py", line 241, in log_response
    getattr(logger, level)(
  File "/usr/local/lib/python3.12/logging/__init__.py", line 1568, in error
    self._log(ERROR, msg, args, **kwargs)
  File "/usr/local/lib/python3.12/logging/__init__.py", line 1684, in _log
    self.handle(record)
  File "/usr/local/lib/python3.12/logging/__init__.py", line 1700, in handle
    self.callHandlers(record)
  File "/usr/local/lib/python3.12/logging/__init__.py", line 1762, in callHandlers
    hdlr.handle(record)
  File "/usr/local/lib/python3.12/logging/__init__.py", line 1028, in handle
    self.emit(record)
  File "/usr/local/lib/python3.12/site-packages/django/utils/log.py", line 128, in emit
    self.send_mail(subject, message, fail_silently=True, html_message=html_message)
  File "/usr/local/lib/python3.12/site-packages/django/utils/log.py", line 132, in send_mail
    subject, message, *args, connection=self.connection(), **kwargs
                                        ^^^^^^^^^^^^^^^^^
  File "/usr/local/lib/python3.12/site-packages/django/utils/log.py", line 136, in connection
    return get_connection(backend=self.email_backend, fail_silently=True)
           ^^^^^^^^^^^^^^^^^^^^^^^^^^^^^^^^^^^^^^^^^^^^^^^^^^^^^^^^^^^^^^
  File "/usr/local/lib/python3.12/site-packages/django/core/mail/__init__.py", line 51, in get_connection
    klass = import_string(backend or settings.EMAIL_BACKEND)
            ^^^^^^^^^^^^^^^^^^^^^^^^^^^^^^^^^^^^^^^^^^^^^^^^
  File "/usr/local/lib/python3.12/site-packages/django/utils/module_loading.py", line 30, in import_string
    return cached_import(module_path, class_name)
           ^^^^^^^^^^^^^^^^^^^^^^^^^^^^^^^^^^^^^^
  File "/usr/local/lib/python3.12/site-packages/django/utils/module_loading.py", line 15, in cached_import
    module = import_module(module_path)
             ^^^^^^^^^^^^^^^^^^^^^^^^^^
  File "/usr/local/lib/python3.12/importlib/__init__.py", line 90, in import_module
    return _bootstrap._gcd_import(name[level:], package, level)
           ^^^^^^^^^^^^^^^^^^^^^^^^^^^^^^^^^^^^^^^^^^^^^^^^^^^^
  File "<frozen importlib._bootstrap>", line 1387, in _gcd_import
  File "<frozen importlib._bootstrap>", line 1360, in _find_and_load
  File "<frozen importlib._bootstrap>", line 1324, in _find_and_load_unlocked
ModuleNotFoundError: No module named 'django_smtp_ssl'
[2024-07-17 21:13:04 +0000] [1] [INFO] Handling signal: term
[2024-07-17 21:13:04 +0000] [10] [INFO] Worker exiting (pid: 10)
[2024-07-17 21:13:04 +0000] [12] [INFO] Worker exiting (pid: 12)
[2024-07-17 21:13:04 +0000] [23] [INFO] Worker exiting (pid: 23)
[2024-07-17 21:13:04 +0000] [7] [INFO] Worker exiting (pid: 7)
[2024-07-17 21:13:04 +0000] [8] [INFO] Worker exiting (pid: 8)
[2024-07-17 21:13:04 +0000] [11] [INFO] Worker exiting (pid: 11)
[2024-07-17 21:13:04 +0000] [14] [INFO] Worker exiting (pid: 14)
[2024-07-17 21:13:04 +0000] [13] [INFO] Worker exiting (pid: 13)
[2024-07-17 21:13:04 +0000] [19] [INFO] Worker exiting (pid: 19)
[2024-07-17 21:13:04 +0000] [17] [INFO] Worker exiting (pid: 17)
[2024-07-17 21:13:04 +0000] [18] [INFO] Worker exiting (pid: 18)
[2024-07-17 21:13:04 +0000] [22] [INFO] Worker exiting (pid: 22)
[2024-07-17 21:13:04 +0000] [16] [INFO] Worker exiting (pid: 16)
[2024-07-17 21:13:04 +0000] [15] [INFO] Worker exiting (pid: 15)
[2024-07-17 21:13:04 +0000] [21] [INFO] Worker exiting (pid: 21)
[2024-07-17 21:13:04 +0000] [20] [INFO] Worker exiting (pid: 20)
[2024-07-17 21:13:04 +0000] [9] [INFO] Worker exiting (pid: 9)
[2024-07-17 21:13:05 +0000] [1] [INFO] Shutting down: Master
[2024-07-17 21:13:09 +0000] [1] [INFO] Starting gunicorn 22.0.0
[2024-07-17 21:13:09 +0000] [1] [INFO] Listening at: http://0.0.0.0:8000 (1)
[2024-07-17 21:13:09 +0000] [1] [INFO] Using worker: sync
[2024-07-17 21:13:09 +0000] [7] [INFO] Booting worker with pid: 7
[2024-07-17 21:13:09 +0000] [8] [INFO] Booting worker with pid: 8
[2024-07-17 21:13:09 +0000] [9] [INFO] Booting worker with pid: 9
[2024-07-17 21:13:09 +0000] [10] [INFO] Booting worker with pid: 10
[2024-07-17 21:13:09 +0000] [11] [INFO] Booting worker with pid: 11
[2024-07-17 21:13:09 +0000] [12] [INFO] Booting worker with pid: 12
[2024-07-17 21:13:09 +0000] [13] [INFO] Booting worker with pid: 13
[2024-07-17 21:13:09 +0000] [14] [INFO] Booting worker with pid: 14
[2024-07-17 21:13:09 +0000] [15] [INFO] Booting worker with pid: 15
[2024-07-17 21:13:09 +0000] [16] [INFO] Booting worker with pid: 16
[2024-07-17 21:13:09 +0000] [17] [INFO] Booting worker with pid: 17
[2024-07-17 21:13:09 +0000] [18] [INFO] Booting worker with pid: 18
[2024-07-17 21:13:10 +0000] [19] [INFO] Booting worker with pid: 19
[2024-07-17 21:13:10 +0000] [20] [INFO] Booting worker with pid: 20
[2024-07-17 21:13:10 +0000] [21] [INFO] Booting worker with pid: 21
[2024-07-17 21:13:10 +0000] [22] [INFO] Booting worker with pid: 22
[2024-07-17 21:13:10 +0000] [23] [INFO] Booting worker with pid: 23
[2024-07-17 21:13:15 +0000] [1] [INFO] Handling signal: term
[2024-07-17 21:13:15 +0000] [11] [INFO] Worker exiting (pid: 11)
[2024-07-17 21:13:15 +0000] [9] [INFO] Worker exiting (pid: 9)
[2024-07-17 21:13:15 +0000] [7] [INFO] Worker exiting (pid: 7)
[2024-07-17 21:13:15 +0000] [8] [INFO] Worker exiting (pid: 8)
[2024-07-17 21:13:15 +0000] [12] [INFO] Worker exiting (pid: 12)
[2024-07-17 21:13:15 +0000] [20] [INFO] Worker exiting (pid: 20)
[2024-07-17 21:13:15 +0000] [21] [INFO] Worker exiting (pid: 21)
[2024-07-17 21:13:15 +0000] [10] [INFO] Worker exiting (pid: 10)
[2024-07-17 21:13:15 +0000] [18] [INFO] Worker exiting (pid: 18)
[2024-07-17 21:13:15 +0000] [22] [INFO] Worker exiting (pid: 22)
[2024-07-17 21:13:15 +0000] [13] [INFO] Worker exiting (pid: 13)
[2024-07-17 21:13:15 +0000] [23] [INFO] Worker exiting (pid: 23)
[2024-07-17 21:13:15 +0000] [14] [INFO] Worker exiting (pid: 14)
[2024-07-17 21:13:15 +0000] [19] [INFO] Worker exiting (pid: 19)
[2024-07-17 21:13:15 +0000] [16] [INFO] Worker exiting (pid: 16)
[2024-07-17 21:13:15 +0000] [17] [INFO] Worker exiting (pid: 17)
[2024-07-17 21:13:15 +0000] [15] [INFO] Worker exiting (pid: 15)
[2024-07-17 21:13:15 +0000] [1] [INFO] Shutting down: Master
[2024-07-17 21:13:21 +0000] [1] [INFO] Starting gunicorn 22.0.0
[2024-07-17 21:13:21 +0000] [1] [INFO] Listening at: http://0.0.0.0:8000 (1)
[2024-07-17 21:13:21 +0000] [1] [INFO] Using worker: sync
[2024-07-17 21:13:21 +0000] [7] [INFO] Booting worker with pid: 7
[2024-07-17 21:13:21 +0000] [8] [INFO] Booting worker with pid: 8
[2024-07-17 21:13:21 +0000] [9] [INFO] Booting worker with pid: 9
[2024-07-17 21:13:21 +0000] [10] [INFO] Booting worker with pid: 10
[2024-07-17 21:13:21 +0000] [11] [INFO] Booting worker with pid: 11
[2024-07-17 21:13:21 +0000] [12] [INFO] Booting worker with pid: 12
[2024-07-17 21:13:21 +0000] [13] [INFO] Booting worker with pid: 13
[2024-07-17 21:13:21 +0000] [14] [INFO] Booting worker with pid: 14
[2024-07-17 21:13:21 +0000] [15] [INFO] Booting worker with pid: 15
[2024-07-17 21:13:21 +0000] [16] [INFO] Booting worker with pid: 16
[2024-07-17 21:13:22 +0000] [17] [INFO] Booting worker with pid: 17
[2024-07-17 21:13:22 +0000] [18] [INFO] Booting worker with pid: 18
[2024-07-17 21:13:22 +0000] [19] [INFO] Booting worker with pid: 19
[2024-07-17 21:13:22 +0000] [20] [INFO] Booting worker with pid: 20
[2024-07-17 21:13:22 +0000] [21] [INFO] Booting worker with pid: 21
[2024-07-17 21:13:22 +0000] [22] [INFO] Booting worker with pid: 22
[2024-07-17 21:13:22 +0000] [23] [INFO] Booting worker with pid: 23
[2024-07-17 21:15:59 +0000] [1] [INFO] Handling signal: term
[2024-07-17 21:15:59 +0000] [11] [INFO] Worker exiting (pid: 11)
[2024-07-17 21:15:59 +0000] [12] [INFO] Worker exiting (pid: 12)
[2024-07-17 21:15:59 +0000] [8] [INFO] Worker exiting (pid: 8)
[2024-07-17 21:15:59 +0000] [14] [INFO] Worker exiting (pid: 14)
[2024-07-17 21:15:59 +0000] [16] [INFO] Worker exiting (pid: 16)
[2024-07-17 21:15:59 +0000] [19] [INFO] Worker exiting (pid: 19)
[2024-07-17 21:15:59 +0000] [7] [INFO] Worker exiting (pid: 7)
[2024-07-17 21:15:59 +0000] [15] [INFO] Worker exiting (pid: 15)
[2024-07-17 21:15:59 +0000] [18] [INFO] Worker exiting (pid: 18)
[2024-07-17 21:15:59 +0000] [22] [INFO] Worker exiting (pid: 22)
[2024-07-17 21:15:59 +0000] [20] [INFO] Worker exiting (pid: 20)
[2024-07-17 21:15:59 +0000] [9] [INFO] Worker exiting (pid: 9)
[2024-07-17 21:15:59 +0000] [13] [INFO] Worker exiting (pid: 13)
[2024-07-17 21:15:59 +0000] [23] [INFO] Worker exiting (pid: 23)
[2024-07-17 21:15:59 +0000] [21] [INFO] Worker exiting (pid: 21)
[2024-07-17 21:15:59 +0000] [10] [INFO] Worker exiting (pid: 10)
[2024-07-17 21:15:59 +0000] [17] [INFO] Worker exiting (pid: 17)
[2024-07-17 21:16:00 +0000] [1] [INFO] Shutting down: Master
[2024-07-17 21:16:14 +0000] [1] [INFO] Starting gunicorn 22.0.0
[2024-07-17 21:16:14 +0000] [1] [INFO] Listening at: http://0.0.0.0:8000 (1)
[2024-07-17 21:16:14 +0000] [1] [INFO] Using worker: sync
[2024-07-17 21:16:14 +0000] [7] [INFO] Booting worker with pid: 7
[2024-07-17 21:16:14 +0000] [8] [INFO] Booting worker with pid: 8
[2024-07-17 21:16:14 +0000] [9] [INFO] Booting worker with pid: 9
[2024-07-17 21:16:14 +0000] [10] [INFO] Booting worker with pid: 10
[2024-07-17 21:16:14 +0000] [11] [INFO] Booting worker with pid: 11
[2024-07-17 21:16:14 +0000] [12] [INFO] Booting worker with pid: 12
[2024-07-17 21:16:14 +0000] [13] [INFO] Booting worker with pid: 13
[2024-07-17 21:16:14 +0000] [14] [INFO] Booting worker with pid: 14
[2024-07-17 21:16:14 +0000] [15] [INFO] Booting worker with pid: 15
[2024-07-17 21:16:14 +0000] [16] [INFO] Booting worker with pid: 16
[2024-07-17 21:16:14 +0000] [17] [INFO] Booting worker with pid: 17
[2024-07-17 21:16:15 +0000] [18] [INFO] Booting worker with pid: 18
[2024-07-17 21:16:15 +0000] [19] [INFO] Booting worker with pid: 19
[2024-07-17 21:16:15 +0000] [20] [INFO] Booting worker with pid: 20
[2024-07-17 21:16:15 +0000] [21] [INFO] Booting worker with pid: 21
[2024-07-17 21:16:15 +0000] [22] [INFO] Booting worker with pid: 22
[2024-07-17 21:16:15 +0000] [23] [INFO] Booting worker with pid: 23
[2024-07-17 21:18:05 +0000] [1] [INFO] Handling signal: term
[2024-07-17 21:18:05 +0000] [7] [INFO] Worker exiting (pid: 7)
[2024-07-17 21:18:05 +0000] [8] [INFO] Worker exiting (pid: 8)
[2024-07-17 21:18:05 +0000] [11] [INFO] Worker exiting (pid: 11)
[2024-07-17 21:18:05 +0000] [13] [INFO] Worker exiting (pid: 13)
[2024-07-17 21:18:05 +0000] [12] [INFO] Worker exiting (pid: 12)
[2024-07-17 21:18:05 +0000] [17] [INFO] Worker exiting (pid: 17)
[2024-07-17 21:18:05 +0000] [15] [INFO] Worker exiting (pid: 15)
[2024-07-17 21:18:05 +0000] [16] [INFO] Worker exiting (pid: 16)
[2024-07-17 21:18:05 +0000] [14] [INFO] Worker exiting (pid: 14)
[2024-07-17 21:18:05 +0000] [18] [INFO] Worker exiting (pid: 18)
[2024-07-17 21:18:05 +0000] [20] [INFO] Worker exiting (pid: 20)
[2024-07-17 21:18:05 +0000] [19] [INFO] Worker exiting (pid: 19)
[2024-07-17 21:18:05 +0000] [10] [INFO] Worker exiting (pid: 10)
[2024-07-17 21:18:05 +0000] [9] [INFO] Worker exiting (pid: 9)
[2024-07-17 21:18:05 +0000] [22] [INFO] Worker exiting (pid: 22)
[2024-07-17 21:18:05 +0000] [21] [INFO] Worker exiting (pid: 21)
[2024-07-17 21:18:05 +0000] [23] [INFO] Worker exiting (pid: 23)
[2024-07-17 21:18:06 +0000] [1] [INFO] Shutting down: Master
[2024-07-17 21:18:10 +0000] [1] [INFO] Starting gunicorn 22.0.0
[2024-07-17 21:18:10 +0000] [1] [INFO] Listening at: http://0.0.0.0:8000 (1)
[2024-07-17 21:18:10 +0000] [1] [INFO] Using worker: sync
[2024-07-17 21:18:10 +0000] [7] [INFO] Booting worker with pid: 7
[2024-07-17 21:18:10 +0000] [8] [INFO] Booting worker with pid: 8
[2024-07-17 21:18:10 +0000] [9] [INFO] Booting worker with pid: 9
[2024-07-17 21:18:10 +0000] [10] [INFO] Booting worker with pid: 10
[2024-07-17 21:18:10 +0000] [11] [INFO] Booting worker with pid: 11
[2024-07-17 21:18:10 +0000] [12] [INFO] Booting worker with pid: 12
[2024-07-17 21:18:10 +0000] [13] [INFO] Booting worker with pid: 13
[2024-07-17 21:18:10 +0000] [14] [INFO] Booting worker with pid: 14
[2024-07-17 21:18:10 +0000] [15] [INFO] Booting worker with pid: 15
[2024-07-17 21:18:10 +0000] [16] [INFO] Booting worker with pid: 16
[2024-07-17 21:18:10 +0000] [18] [INFO] Booting worker with pid: 18
[2024-07-17 21:18:10 +0000] [17] [INFO] Booting worker with pid: 17
[2024-07-17 21:18:11 +0000] [19] [INFO] Booting worker with pid: 19
[2024-07-17 21:18:11 +0000] [20] [INFO] Booting worker with pid: 20
[2024-07-17 21:18:11 +0000] [21] [INFO] Booting worker with pid: 21
[2024-07-17 21:18:11 +0000] [22] [INFO] Booting worker with pid: 22
[2024-07-17 21:18:11 +0000] [23] [INFO] Booting worker with pid: 23
[2024-07-17 21:21:26 +0000] [1] [INFO] Handling signal: term
[2024-07-17 21:21:26 +0000] [8] [INFO] Worker exiting (pid: 8)
[2024-07-17 21:21:26 +0000] [7] [INFO] Worker exiting (pid: 7)
[2024-07-17 21:21:26 +0000] [16] [INFO] Worker exiting (pid: 16)
[2024-07-17 21:21:26 +0000] [9] [INFO] Worker exiting (pid: 9)
[2024-07-17 21:21:26 +0000] [22] [INFO] Worker exiting (pid: 22)
[2024-07-17 21:21:26 +0000] [10] [INFO] Worker exiting (pid: 10)
[2024-07-17 21:21:26 +0000] [14] [INFO] Worker exiting (pid: 14)
[2024-07-17 21:21:26 +0000] [11] [INFO] Worker exiting (pid: 11)
[2024-07-17 21:21:26 +0000] [20] [INFO] Worker exiting (pid: 20)
[2024-07-17 21:21:26 +0000] [15] [INFO] Worker exiting (pid: 15)
[2024-07-17 21:21:26 +0000] [21] [INFO] Worker exiting (pid: 21)
[2024-07-17 21:21:26 +0000] [18] [INFO] Worker exiting (pid: 18)
[2024-07-17 21:21:26 +0000] [23] [INFO] Worker exiting (pid: 23)
[2024-07-17 21:21:26 +0000] [13] [INFO] Worker exiting (pid: 13)
[2024-07-17 21:21:26 +0000] [17] [INFO] Worker exiting (pid: 17)
[2024-07-17 21:21:26 +0000] [19] [INFO] Worker exiting (pid: 19)
[2024-07-17 21:21:26 +0000] [12] [INFO] Worker exiting (pid: 12)
[2024-07-17 21:21:27 +0000] [1] [INFO] Shutting down: Master
[2024-07-17 21:21:33 +0000] [1] [INFO] Starting gunicorn 22.0.0
[2024-07-17 21:21:33 +0000] [1] [INFO] Listening at: http://0.0.0.0:8000 (1)
[2024-07-17 21:21:33 +0000] [1] [INFO] Using worker: sync
[2024-07-17 21:21:33 +0000] [7] [INFO] Booting worker with pid: 7
[2024-07-17 21:21:33 +0000] [8] [INFO] Booting worker with pid: 8
[2024-07-17 21:21:33 +0000] [9] [INFO] Booting worker with pid: 9
[2024-07-17 21:21:33 +0000] [10] [INFO] Booting worker with pid: 10
[2024-07-17 21:21:33 +0000] [11] [INFO] Booting worker with pid: 11
[2024-07-17 21:21:33 +0000] [12] [INFO] Booting worker with pid: 12
[2024-07-17 21:21:33 +0000] [13] [INFO] Booting worker with pid: 13
[2024-07-17 21:21:33 +0000] [14] [INFO] Booting worker with pid: 14
[2024-07-17 21:21:33 +0000] [15] [INFO] Booting worker with pid: 15
[2024-07-17 21:21:33 +0000] [16] [INFO] Booting worker with pid: 16
[2024-07-17 21:21:33 +0000] [17] [INFO] Booting worker with pid: 17
[2024-07-17 21:21:33 +0000] [18] [INFO] Booting worker with pid: 18
[2024-07-17 21:21:34 +0000] [19] [INFO] Booting worker with pid: 19
[2024-07-17 21:21:34 +0000] [20] [INFO] Booting worker with pid: 20
[2024-07-17 21:21:34 +0000] [21] [INFO] Booting worker with pid: 21
[2024-07-17 21:21:34 +0000] [22] [INFO] Booting worker with pid: 22
[2024-07-17 21:21:34 +0000] [23] [INFO] Booting worker with pid: 23
[2024-07-17 21:23:14 +0000] [1] [INFO] Handling signal: term
[2024-07-17 21:23:14 +0000] [10] [INFO] Worker exiting (pid: 10)
[2024-07-17 21:23:14 +0000] [13] [INFO] Worker exiting (pid: 13)
[2024-07-17 21:23:14 +0000] [7] [INFO] Worker exiting (pid: 7)
[2024-07-17 21:23:14 +0000] [9] [INFO] Worker exiting (pid: 9)
[2024-07-17 21:23:14 +0000] [19] [INFO] Worker exiting (pid: 19)
[2024-07-17 21:23:14 +0000] [15] [INFO] Worker exiting (pid: 15)
[2024-07-17 21:23:14 +0000] [11] [INFO] Worker exiting (pid: 11)
[2024-07-17 21:23:14 +0000] [16] [INFO] Worker exiting (pid: 16)
[2024-07-17 21:23:14 +0000] [8] [INFO] Worker exiting (pid: 8)
[2024-07-17 21:23:14 +0000] [17] [INFO] Worker exiting (pid: 17)
[2024-07-17 21:23:14 +0000] [20] [INFO] Worker exiting (pid: 20)
[2024-07-17 21:23:14 +0000] [14] [INFO] Worker exiting (pid: 14)
[2024-07-17 21:23:14 +0000] [12] [INFO] Worker exiting (pid: 12)
[2024-07-17 21:23:14 +0000] [21] [INFO] Worker exiting (pid: 21)
[2024-07-17 21:23:14 +0000] [18] [INFO] Worker exiting (pid: 18)
[2024-07-17 21:23:14 +0000] [22] [INFO] Worker exiting (pid: 22)
[2024-07-17 21:23:14 +0000] [23] [INFO] Worker exiting (pid: 23)
[2024-07-17 21:23:15 +0000] [1] [INFO] Shutting down: Master
[2024-07-17 21:23:37 +0000] [1] [INFO] Starting gunicorn 22.0.0
[2024-07-17 21:23:37 +0000] [1] [INFO] Listening at: http://0.0.0.0:8000 (1)
[2024-07-17 21:23:37 +0000] [1] [INFO] Using worker: sync
[2024-07-17 21:23:37 +0000] [7] [INFO] Booting worker with pid: 7
[2024-07-17 21:23:37 +0000] [8] [INFO] Booting worker with pid: 8
[2024-07-17 21:23:37 +0000] [9] [INFO] Booting worker with pid: 9
[2024-07-17 21:23:37 +0000] [10] [INFO] Booting worker with pid: 10
[2024-07-17 21:23:37 +0000] [11] [INFO] Booting worker with pid: 11
[2024-07-17 21:23:37 +0000] [12] [INFO] Booting worker with pid: 12
[2024-07-17 21:23:37 +0000] [13] [INFO] Booting worker with pid: 13
[2024-07-17 21:23:37 +0000] [14] [INFO] Booting worker with pid: 14
[2024-07-17 21:23:37 +0000] [15] [INFO] Booting worker with pid: 15
[2024-07-17 21:23:37 +0000] [16] [INFO] Booting worker with pid: 16
[2024-07-17 21:23:37 +0000] [17] [INFO] Booting worker with pid: 17
[2024-07-17 21:23:37 +0000] [18] [INFO] Booting worker with pid: 18
[2024-07-17 21:23:37 +0000] [19] [INFO] Booting worker with pid: 19
[2024-07-17 21:23:37 +0000] [21] [INFO] Booting worker with pid: 21
[2024-07-17 21:23:37 +0000] [20] [INFO] Booting worker with pid: 20
[2024-07-17 21:23:38 +0000] [22] [INFO] Booting worker with pid: 22
[2024-07-17 21:23:38 +0000] [23] [INFO] Booting worker with pid: 23
[2024-07-17 21:24:08 +0000] [1] [INFO] Handling signal: term
[2024-07-17 21:24:08 +0000] [7] [INFO] Worker exiting (pid: 7)
[2024-07-17 21:24:08 +0000] [9] [INFO] Worker exiting (pid: 9)
[2024-07-17 21:24:08 +0000] [11] [INFO] Worker exiting (pid: 11)
[2024-07-17 21:24:08 +0000] [14] [INFO] Worker exiting (pid: 14)
[2024-07-17 21:24:08 +0000] [20] [INFO] Worker exiting (pid: 20)
[2024-07-17 21:24:08 +0000] [13] [INFO] Worker exiting (pid: 13)
[2024-07-17 21:24:08 +0000] [8] [INFO] Worker exiting (pid: 8)
[2024-07-17 21:24:08 +0000] [12] [INFO] Worker exiting (pid: 12)
[2024-07-17 21:24:08 +0000] [10] [INFO] Worker exiting (pid: 10)
[2024-07-17 21:24:08 +0000] [19] [INFO] Worker exiting (pid: 19)
[2024-07-17 21:24:08 +0000] [21] [INFO] Worker exiting (pid: 21)
[2024-07-17 21:24:08 +0000] [18] [INFO] Worker exiting (pid: 18)
[2024-07-17 21:24:08 +0000] [22] [INFO] Worker exiting (pid: 22)
[2024-07-17 21:24:08 +0000] [15] [INFO] Worker exiting (pid: 15)
[2024-07-17 21:24:08 +0000] [17] [INFO] Worker exiting (pid: 17)
[2024-07-17 21:24:08 +0000] [23] [INFO] Worker exiting (pid: 23)
[2024-07-17 21:24:08 +0000] [16] [INFO] Worker exiting (pid: 16)
[2024-07-17 21:24:09 +0000] [1] [INFO] Shutting down: Master
[2024-07-17 21:42:02 +0000] [1] [INFO] Starting gunicorn 22.0.0
[2024-07-17 21:42:02 +0000] [1] [INFO] Listening at: http://0.0.0.0:8000 (1)
[2024-07-17 21:42:02 +0000] [1] [INFO] Using worker: sync
[2024-07-17 21:42:02 +0000] [7] [INFO] Booting worker with pid: 7
[2024-07-17 21:42:03 +0000] [8] [INFO] Booting worker with pid: 8
[2024-07-17 21:42:03 +0000] [9] [INFO] Booting worker with pid: 9
[2024-07-17 21:42:03 +0000] [10] [INFO] Booting worker with pid: 10
[2024-07-17 21:42:03 +0000] [11] [INFO] Booting worker with pid: 11
[2024-07-17 21:42:03 +0000] [12] [INFO] Booting worker with pid: 12
[2024-07-17 21:42:03 +0000] [13] [INFO] Booting worker with pid: 13
[2024-07-17 21:42:03 +0000] [14] [INFO] Booting worker with pid: 14
[2024-07-17 21:42:03 +0000] [15] [INFO] Booting worker with pid: 15
[2024-07-17 21:42:03 +0000] [16] [INFO] Booting worker with pid: 16
[2024-07-17 21:42:03 +0000] [17] [INFO] Booting worker with pid: 17
[2024-07-17 21:42:03 +0000] [18] [INFO] Booting worker with pid: 18
[2024-07-17 21:42:03 +0000] [19] [INFO] Booting worker with pid: 19
[2024-07-17 21:42:03 +0000] [20] [INFO] Booting worker with pid: 20
[2024-07-17 21:42:03 +0000] [21] [INFO] Booting worker with pid: 21
[2024-07-17 21:42:03 +0000] [22] [INFO] Booting worker with pid: 22
[2024-07-17 21:42:03 +0000] [23] [INFO] Booting worker with pid: 23
[2024-07-17 21:43:28 +0000] [1] [INFO] Handling signal: term
[2024-07-17 21:43:28 +0000] [11] [INFO] Worker exiting (pid: 11)
[2024-07-17 21:43:28 +0000] [12] [INFO] Worker exiting (pid: 12)
[2024-07-17 21:43:28 +0000] [13] [INFO] Worker exiting (pid: 13)
[2024-07-17 21:43:28 +0000] [7] [INFO] Worker exiting (pid: 7)
[2024-07-17 21:43:28 +0000] [10] [INFO] Worker exiting (pid: 10)
[2024-07-17 21:43:28 +0000] [9] [INFO] Worker exiting (pid: 9)
[2024-07-17 21:43:28 +0000] [17] [INFO] Worker exiting (pid: 17)
[2024-07-17 21:43:28 +0000] [14] [INFO] Worker exiting (pid: 14)
[2024-07-17 21:43:28 +0000] [20] [INFO] Worker exiting (pid: 20)
[2024-07-17 21:43:28 +0000] [18] [INFO] Worker exiting (pid: 18)
[2024-07-17 21:43:28 +0000] [8] [INFO] Worker exiting (pid: 8)
[2024-07-17 21:43:28 +0000] [16] [INFO] Worker exiting (pid: 16)
[2024-07-17 21:43:28 +0000] [21] [INFO] Worker exiting (pid: 21)
[2024-07-17 21:43:28 +0000] [22] [INFO] Worker exiting (pid: 22)
[2024-07-17 21:43:28 +0000] [23] [INFO] Worker exiting (pid: 23)
[2024-07-17 21:43:28 +0000] [19] [INFO] Worker exiting (pid: 19)
[2024-07-17 21:43:28 +0000] [15] [INFO] Worker exiting (pid: 15)
[2024-07-17 21:43:29 +0000] [1] [INFO] Shutting down: Master
[2024-07-17 21:43:31 +0000] [1] [INFO] Starting gunicorn 22.0.0
[2024-07-17 21:43:31 +0000] [1] [INFO] Listening at: http://0.0.0.0:8000 (1)
[2024-07-17 21:43:31 +0000] [1] [INFO] Using worker: sync
[2024-07-17 21:43:31 +0000] [8] [INFO] Booting worker with pid: 8
[2024-07-17 21:43:31 +0000] [9] [INFO] Booting worker with pid: 9
[2024-07-17 21:43:31 +0000] [10] [INFO] Booting worker with pid: 10
[2024-07-17 21:43:31 +0000] [11] [INFO] Booting worker with pid: 11
[2024-07-17 21:43:31 +0000] [12] [INFO] Booting worker with pid: 12
[2024-07-17 21:43:31 +0000] [13] [INFO] Booting worker with pid: 13
[2024-07-17 21:43:32 +0000] [14] [INFO] Booting worker with pid: 14
[2024-07-17 21:43:32 +0000] [15] [INFO] Booting worker with pid: 15
[2024-07-17 21:43:32 +0000] [16] [INFO] Booting worker with pid: 16
[2024-07-17 21:43:32 +0000] [17] [INFO] Booting worker with pid: 17
[2024-07-17 21:43:32 +0000] [18] [INFO] Booting worker with pid: 18
[2024-07-17 21:43:32 +0000] [19] [INFO] Booting worker with pid: 19
[2024-07-17 21:43:32 +0000] [20] [INFO] Booting worker with pid: 20
[2024-07-17 21:43:32 +0000] [21] [INFO] Booting worker with pid: 21
[2024-07-17 21:43:32 +0000] [22] [INFO] Booting worker with pid: 22
[2024-07-17 21:43:32 +0000] [23] [INFO] Booting worker with pid: 23
[2024-07-17 21:43:32 +0000] [24] [INFO] Booting worker with pid: 24
[2024-07-17 21:43:34 +0000] [18] [ERROR] Error handling request /
Traceback (most recent call last):
  File "/usr/local/lib/python3.12/site-packages/django/core/handlers/exception.py", line 55, in inner
    response = get_response(request)
               ^^^^^^^^^^^^^^^^^^^^^
  File "/usr/local/lib/python3.12/site-packages/django/utils/deprecation.py", line 133, in __call__
    response = self.process_request(request)
               ^^^^^^^^^^^^^^^^^^^^^^^^^^^^^
  File "/usr/local/lib/python3.12/site-packages/django/middleware/common.py", line 48, in process_request
    host = request.get_host()
           ^^^^^^^^^^^^^^^^^^
  File "/usr/local/lib/python3.12/site-packages/django/http/request.py", line 151, in get_host
    raise DisallowedHost(msg)
django.core.exceptions.DisallowedHost: Invalid HTTP_HOST header: 'localhost'. You may need to add 'localhost' to ALLOWED_HOSTS.

During handling of the above exception, another exception occurred:

Traceback (most recent call last):
  File "/usr/local/lib/python3.12/site-packages/django/core/handlers/exception.py", line 55, in inner
    response = get_response(request)
               ^^^^^^^^^^^^^^^^^^^^^
  File "/usr/local/lib/python3.12/site-packages/django/utils/deprecation.py", line 134, in __call__
    response = response or self.get_response(request)
                           ^^^^^^^^^^^^^^^^^^^^^^^^^^
  File "/usr/local/lib/python3.12/site-packages/django/core/handlers/exception.py", line 57, in inner
    response = response_for_exception(request, exc)
               ^^^^^^^^^^^^^^^^^^^^^^^^^^^^^^^^^^^^
  File "/usr/local/lib/python3.12/site-packages/django/core/handlers/exception.py", line 124, in response_for_exception
    security_logger.error(
  File "/usr/local/lib/python3.12/logging/__init__.py", line 1568, in error
    self._log(ERROR, msg, args, **kwargs)
  File "/usr/local/lib/python3.12/logging/__init__.py", line 1684, in _log
    self.handle(record)
  File "/usr/local/lib/python3.12/logging/__init__.py", line 1700, in handle
    self.callHandlers(record)
  File "/usr/local/lib/python3.12/logging/__init__.py", line 1762, in callHandlers
    hdlr.handle(record)
  File "/usr/local/lib/python3.12/logging/__init__.py", line 1028, in handle
    self.emit(record)
  File "/usr/local/lib/python3.12/site-packages/django/utils/log.py", line 128, in emit
    self.send_mail(subject, message, fail_silently=True, html_message=html_message)
  File "/usr/local/lib/python3.12/site-packages/django/utils/log.py", line 132, in send_mail
    subject, message, *args, connection=self.connection(), **kwargs
                                        ^^^^^^^^^^^^^^^^^
  File "/usr/local/lib/python3.12/site-packages/django/utils/log.py", line 136, in connection
    return get_connection(backend=self.email_backend, fail_silently=True)
           ^^^^^^^^^^^^^^^^^^^^^^^^^^^^^^^^^^^^^^^^^^^^^^^^^^^^^^^^^^^^^^
  File "/usr/local/lib/python3.12/site-packages/django/core/mail/__init__.py", line 51, in get_connection
    klass = import_string(backend or settings.EMAIL_BACKEND)
            ^^^^^^^^^^^^^^^^^^^^^^^^^^^^^^^^^^^^^^^^^^^^^^^^
  File "/usr/local/lib/python3.12/site-packages/django/utils/module_loading.py", line 30, in import_string
    return cached_import(module_path, class_name)
           ^^^^^^^^^^^^^^^^^^^^^^^^^^^^^^^^^^^^^^
  File "/usr/local/lib/python3.12/site-packages/django/utils/module_loading.py", line 15, in cached_import
    module = import_module(module_path)
             ^^^^^^^^^^^^^^^^^^^^^^^^^^
  File "/usr/local/lib/python3.12/importlib/__init__.py", line 90, in import_module
    return _bootstrap._gcd_import(name[level:], package, level)
           ^^^^^^^^^^^^^^^^^^^^^^^^^^^^^^^^^^^^^^^^^^^^^^^^^^^^
  File "<frozen importlib._bootstrap>", line 1387, in _gcd_import
  File "<frozen importlib._bootstrap>", line 1360, in _find_and_load
  File "<frozen importlib._bootstrap>", line 1324, in _find_and_load_unlocked
ModuleNotFoundError: No module named 'django_smtp_ssl'

During handling of the above exception, another exception occurred:

Traceback (most recent call last):
  File "/usr/local/lib/python3.12/site-packages/django/core/handlers/exception.py", line 55, in inner
    response = get_response(request)
               ^^^^^^^^^^^^^^^^^^^^^
  File "/usr/local/lib/python3.12/site-packages/django/utils/deprecation.py", line 134, in __call__
    response = response or self.get_response(request)
                           ^^^^^^^^^^^^^^^^^^^^^^^^^^
  File "/usr/local/lib/python3.12/site-packages/django/core/handlers/exception.py", line 57, in inner
    response = response_for_exception(request, exc)
               ^^^^^^^^^^^^^^^^^^^^^^^^^^^^^^^^^^^^
  File "/usr/local/lib/python3.12/site-packages/django/core/handlers/exception.py", line 143, in response_for_exception
    log_response(
  File "/usr/local/lib/python3.12/site-packages/django/utils/log.py", line 241, in log_response
    getattr(logger, level)(
  File "/usr/local/lib/python3.12/logging/__init__.py", line 1568, in error
    self._log(ERROR, msg, args, **kwargs)
  File "/usr/local/lib/python3.12/logging/__init__.py", line 1684, in _log
    self.handle(record)
  File "/usr/local/lib/python3.12/logging/__init__.py", line 1700, in handle
    self.callHandlers(record)
  File "/usr/local/lib/python3.12/logging/__init__.py", line 1762, in callHandlers
    hdlr.handle(record)
  File "/usr/local/lib/python3.12/logging/__init__.py", line 1028, in handle
    self.emit(record)
  File "/usr/local/lib/python3.12/site-packages/django/utils/log.py", line 128, in emit
    self.send_mail(subject, message, fail_silently=True, html_message=html_message)
  File "/usr/local/lib/python3.12/site-packages/django/utils/log.py", line 132, in send_mail
    subject, message, *args, connection=self.connection(), **kwargs
                                        ^^^^^^^^^^^^^^^^^
  File "/usr/local/lib/python3.12/site-packages/django/utils/log.py", line 136, in connection
    return get_connection(backend=self.email_backend, fail_silently=True)
           ^^^^^^^^^^^^^^^^^^^^^^^^^^^^^^^^^^^^^^^^^^^^^^^^^^^^^^^^^^^^^^
  File "/usr/local/lib/python3.12/site-packages/django/core/mail/__init__.py", line 51, in get_connection
    klass = import_string(backend or settings.EMAIL_BACKEND)
            ^^^^^^^^^^^^^^^^^^^^^^^^^^^^^^^^^^^^^^^^^^^^^^^^
  File "/usr/local/lib/python3.12/site-packages/django/utils/module_loading.py", line 30, in import_string
    return cached_import(module_path, class_name)
           ^^^^^^^^^^^^^^^^^^^^^^^^^^^^^^^^^^^^^^
  File "/usr/local/lib/python3.12/site-packages/django/utils/module_loading.py", line 15, in cached_import
    module = import_module(module_path)
             ^^^^^^^^^^^^^^^^^^^^^^^^^^
  File "/usr/local/lib/python3.12/importlib/__init__.py", line 90, in import_module
    return _bootstrap._gcd_import(name[level:], package, level)
           ^^^^^^^^^^^^^^^^^^^^^^^^^^^^^^^^^^^^^^^^^^^^^^^^^^^^
  File "<frozen importlib._bootstrap>", line 1387, in _gcd_import
  File "<frozen importlib._bootstrap>", line 1360, in _find_and_load
  File "<frozen importlib._bootstrap>", line 1324, in _find_and_load_unlocked
ModuleNotFoundError: No module named 'django_smtp_ssl'

During handling of the above exception, another exception occurred:

Traceback (most recent call last):
  File "/usr/local/lib/python3.12/site-packages/gunicorn/workers/sync.py", line 135, in handle
    self.handle_request(listener, req, client, addr)
  File "/usr/local/lib/python3.12/site-packages/gunicorn/workers/sync.py", line 178, in handle_request
    respiter = self.wsgi(environ, resp.start_response)
               ^^^^^^^^^^^^^^^^^^^^^^^^^^^^^^^^^^^^^^^
  File "/usr/local/lib/python3.12/site-packages/django/core/handlers/wsgi.py", line 124, in __call__
    response = self.get_response(request)
               ^^^^^^^^^^^^^^^^^^^^^^^^^^
  File "/usr/local/lib/python3.12/site-packages/django/core/handlers/base.py", line 140, in get_response
    response = self._middleware_chain(request)
               ^^^^^^^^^^^^^^^^^^^^^^^^^^^^^^^
  File "/usr/local/lib/python3.12/site-packages/django/core/handlers/exception.py", line 57, in inner
    response = response_for_exception(request, exc)
               ^^^^^^^^^^^^^^^^^^^^^^^^^^^^^^^^^^^^
  File "/usr/local/lib/python3.12/site-packages/django/core/handlers/exception.py", line 143, in response_for_exception
    log_response(
  File "/usr/local/lib/python3.12/site-packages/django/utils/log.py", line 241, in log_response
    getattr(logger, level)(
  File "/usr/local/lib/python3.12/logging/__init__.py", line 1568, in error
    self._log(ERROR, msg, args, **kwargs)
  File "/usr/local/lib/python3.12/logging/__init__.py", line 1684, in _log
    self.handle(record)
  File "/usr/local/lib/python3.12/logging/__init__.py", line 1700, in handle
    self.callHandlers(record)
  File "/usr/local/lib/python3.12/logging/__init__.py", line 1762, in callHandlers
    hdlr.handle(record)
  File "/usr/local/lib/python3.12/logging/__init__.py", line 1028, in handle
    self.emit(record)
  File "/usr/local/lib/python3.12/site-packages/django/utils/log.py", line 128, in emit
    self.send_mail(subject, message, fail_silently=True, html_message=html_message)
  File "/usr/local/lib/python3.12/site-packages/django/utils/log.py", line 132, in send_mail
    subject, message, *args, connection=self.connection(), **kwargs
                                        ^^^^^^^^^^^^^^^^^
  File "/usr/local/lib/python3.12/site-packages/django/utils/log.py", line 136, in connection
    return get_connection(backend=self.email_backend, fail_silently=True)
           ^^^^^^^^^^^^^^^^^^^^^^^^^^^^^^^^^^^^^^^^^^^^^^^^^^^^^^^^^^^^^^
  File "/usr/local/lib/python3.12/site-packages/django/core/mail/__init__.py", line 51, in get_connection
    klass = import_string(backend or settings.EMAIL_BACKEND)
            ^^^^^^^^^^^^^^^^^^^^^^^^^^^^^^^^^^^^^^^^^^^^^^^^
  File "/usr/local/lib/python3.12/site-packages/django/utils/module_loading.py", line 30, in import_string
    return cached_import(module_path, class_name)
           ^^^^^^^^^^^^^^^^^^^^^^^^^^^^^^^^^^^^^^
  File "/usr/local/lib/python3.12/site-packages/django/utils/module_loading.py", line 15, in cached_import
    module = import_module(module_path)
             ^^^^^^^^^^^^^^^^^^^^^^^^^^
  File "/usr/local/lib/python3.12/importlib/__init__.py", line 90, in import_module
    return _bootstrap._gcd_import(name[level:], package, level)
           ^^^^^^^^^^^^^^^^^^^^^^^^^^^^^^^^^^^^^^^^^^^^^^^^^^^^
  File "<frozen importlib._bootstrap>", line 1387, in _gcd_import
  File "<frozen importlib._bootstrap>", line 1360, in _find_and_load
  File "<frozen importlib._bootstrap>", line 1324, in _find_and_load_unlocked
ModuleNotFoundError: No module named 'django_smtp_ssl'
[2024-07-17 21:43:36 +0000] [17] [ERROR] Error handling request /
Traceback (most recent call last):
  File "/usr/local/lib/python3.12/site-packages/django/core/handlers/exception.py", line 55, in inner
    response = get_response(request)
               ^^^^^^^^^^^^^^^^^^^^^
  File "/usr/local/lib/python3.12/site-packages/django/utils/deprecation.py", line 133, in __call__
    response = self.process_request(request)
               ^^^^^^^^^^^^^^^^^^^^^^^^^^^^^
  File "/usr/local/lib/python3.12/site-packages/django/middleware/common.py", line 48, in process_request
    host = request.get_host()
           ^^^^^^^^^^^^^^^^^^
  File "/usr/local/lib/python3.12/site-packages/django/http/request.py", line 151, in get_host
    raise DisallowedHost(msg)
django.core.exceptions.DisallowedHost: Invalid HTTP_HOST header: 'localhost'. You may need to add 'localhost' to ALLOWED_HOSTS.

During handling of the above exception, another exception occurred:

Traceback (most recent call last):
  File "/usr/local/lib/python3.12/site-packages/django/core/handlers/exception.py", line 55, in inner
    response = get_response(request)
               ^^^^^^^^^^^^^^^^^^^^^
  File "/usr/local/lib/python3.12/site-packages/django/utils/deprecation.py", line 134, in __call__
    response = response or self.get_response(request)
                           ^^^^^^^^^^^^^^^^^^^^^^^^^^
  File "/usr/local/lib/python3.12/site-packages/django/core/handlers/exception.py", line 57, in inner
    response = response_for_exception(request, exc)
               ^^^^^^^^^^^^^^^^^^^^^^^^^^^^^^^^^^^^
  File "/usr/local/lib/python3.12/site-packages/django/core/handlers/exception.py", line 124, in response_for_exception
    security_logger.error(
  File "/usr/local/lib/python3.12/logging/__init__.py", line 1568, in error
    self._log(ERROR, msg, args, **kwargs)
  File "/usr/local/lib/python3.12/logging/__init__.py", line 1684, in _log
    self.handle(record)
  File "/usr/local/lib/python3.12/logging/__init__.py", line 1700, in handle
    self.callHandlers(record)
  File "/usr/local/lib/python3.12/logging/__init__.py", line 1762, in callHandlers
    hdlr.handle(record)
  File "/usr/local/lib/python3.12/logging/__init__.py", line 1028, in handle
    self.emit(record)
  File "/usr/local/lib/python3.12/site-packages/django/utils/log.py", line 128, in emit
    self.send_mail(subject, message, fail_silently=True, html_message=html_message)
  File "/usr/local/lib/python3.12/site-packages/django/utils/log.py", line 132, in send_mail
    subject, message, *args, connection=self.connection(), **kwargs
                                        ^^^^^^^^^^^^^^^^^
  File "/usr/local/lib/python3.12/site-packages/django/utils/log.py", line 136, in connection
    return get_connection(backend=self.email_backend, fail_silently=True)
           ^^^^^^^^^^^^^^^^^^^^^^^^^^^^^^^^^^^^^^^^^^^^^^^^^^^^^^^^^^^^^^
  File "/usr/local/lib/python3.12/site-packages/django/core/mail/__init__.py", line 51, in get_connection
    klass = import_string(backend or settings.EMAIL_BACKEND)
            ^^^^^^^^^^^^^^^^^^^^^^^^^^^^^^^^^^^^^^^^^^^^^^^^
  File "/usr/local/lib/python3.12/site-packages/django/utils/module_loading.py", line 30, in import_string
    return cached_import(module_path, class_name)
           ^^^^^^^^^^^^^^^^^^^^^^^^^^^^^^^^^^^^^^
  File "/usr/local/lib/python3.12/site-packages/django/utils/module_loading.py", line 15, in cached_import
    module = import_module(module_path)
             ^^^^^^^^^^^^^^^^^^^^^^^^^^
  File "/usr/local/lib/python3.12/importlib/__init__.py", line 90, in import_module
    return _bootstrap._gcd_import(name[level:], package, level)
           ^^^^^^^^^^^^^^^^^^^^^^^^^^^^^^^^^^^^^^^^^^^^^^^^^^^^
  File "<frozen importlib._bootstrap>", line 1387, in _gcd_import
  File "<frozen importlib._bootstrap>", line 1360, in _find_and_load
  File "<frozen importlib._bootstrap>", line 1324, in _find_and_load_unlocked
ModuleNotFoundError: No module named 'django_smtp_ssl'

During handling of the above exception, another exception occurred:

Traceback (most recent call last):
  File "/usr/local/lib/python3.12/site-packages/django/core/handlers/exception.py", line 55, in inner
    response = get_response(request)
               ^^^^^^^^^^^^^^^^^^^^^
  File "/usr/local/lib/python3.12/site-packages/django/utils/deprecation.py", line 134, in __call__
    response = response or self.get_response(request)
                           ^^^^^^^^^^^^^^^^^^^^^^^^^^
  File "/usr/local/lib/python3.12/site-packages/django/core/handlers/exception.py", line 57, in inner
    response = response_for_exception(request, exc)
               ^^^^^^^^^^^^^^^^^^^^^^^^^^^^^^^^^^^^
  File "/usr/local/lib/python3.12/site-packages/django/core/handlers/exception.py", line 143, in response_for_exception
    log_response(
  File "/usr/local/lib/python3.12/site-packages/django/utils/log.py", line 241, in log_response
    getattr(logger, level)(
  File "/usr/local/lib/python3.12/logging/__init__.py", line 1568, in error
    self._log(ERROR, msg, args, **kwargs)
  File "/usr/local/lib/python3.12/logging/__init__.py", line 1684, in _log
    self.handle(record)
  File "/usr/local/lib/python3.12/logging/__init__.py", line 1700, in handle
    self.callHandlers(record)
  File "/usr/local/lib/python3.12/logging/__init__.py", line 1762, in callHandlers
    hdlr.handle(record)
  File "/usr/local/lib/python3.12/logging/__init__.py", line 1028, in handle
    self.emit(record)
  File "/usr/local/lib/python3.12/site-packages/django/utils/log.py", line 128, in emit
    self.send_mail(subject, message, fail_silently=True, html_message=html_message)
  File "/usr/local/lib/python3.12/site-packages/django/utils/log.py", line 132, in send_mail
    subject, message, *args, connection=self.connection(), **kwargs
                                        ^^^^^^^^^^^^^^^^^
  File "/usr/local/lib/python3.12/site-packages/django/utils/log.py", line 136, in connection
    return get_connection(backend=self.email_backend, fail_silently=True)
           ^^^^^^^^^^^^^^^^^^^^^^^^^^^^^^^^^^^^^^^^^^^^^^^^^^^^^^^^^^^^^^
  File "/usr/local/lib/python3.12/site-packages/django/core/mail/__init__.py", line 51, in get_connection
    klass = import_string(backend or settings.EMAIL_BACKEND)
            ^^^^^^^^^^^^^^^^^^^^^^^^^^^^^^^^^^^^^^^^^^^^^^^^
  File "/usr/local/lib/python3.12/site-packages/django/utils/module_loading.py", line 30, in import_string
    return cached_import(module_path, class_name)
           ^^^^^^^^^^^^^^^^^^^^^^^^^^^^^^^^^^^^^^
  File "/usr/local/lib/python3.12/site-packages/django/utils/module_loading.py", line 15, in cached_import
    module = import_module(module_path)
             ^^^^^^^^^^^^^^^^^^^^^^^^^^
  File "/usr/local/lib/python3.12/importlib/__init__.py", line 90, in import_module
    return _bootstrap._gcd_import(name[level:], package, level)
           ^^^^^^^^^^^^^^^^^^^^^^^^^^^^^^^^^^^^^^^^^^^^^^^^^^^^
  File "<frozen importlib._bootstrap>", line 1387, in _gcd_import
  File "<frozen importlib._bootstrap>", line 1360, in _find_and_load
  File "<frozen importlib._bootstrap>", line 1324, in _find_and_load_unlocked
ModuleNotFoundError: No module named 'django_smtp_ssl'

During handling of the above exception, another exception occurred:

Traceback (most recent call last):
  File "/usr/local/lib/python3.12/site-packages/gunicorn/workers/sync.py", line 135, in handle
    self.handle_request(listener, req, client, addr)
  File "/usr/local/lib/python3.12/site-packages/gunicorn/workers/sync.py", line 178, in handle_request
    respiter = self.wsgi(environ, resp.start_response)
               ^^^^^^^^^^^^^^^^^^^^^^^^^^^^^^^^^^^^^^^
  File "/usr/local/lib/python3.12/site-packages/django/core/handlers/wsgi.py", line 124, in __call__
    response = self.get_response(request)
               ^^^^^^^^^^^^^^^^^^^^^^^^^^
  File "/usr/local/lib/python3.12/site-packages/django/core/handlers/base.py", line 140, in get_response
    response = self._middleware_chain(request)
               ^^^^^^^^^^^^^^^^^^^^^^^^^^^^^^^
  File "/usr/local/lib/python3.12/site-packages/django/core/handlers/exception.py", line 57, in inner
    response = response_for_exception(request, exc)
               ^^^^^^^^^^^^^^^^^^^^^^^^^^^^^^^^^^^^
  File "/usr/local/lib/python3.12/site-packages/django/core/handlers/exception.py", line 143, in response_for_exception
    log_response(
  File "/usr/local/lib/python3.12/site-packages/django/utils/log.py", line 241, in log_response
    getattr(logger, level)(
  File "/usr/local/lib/python3.12/logging/__init__.py", line 1568, in error
    self._log(ERROR, msg, args, **kwargs)
  File "/usr/local/lib/python3.12/logging/__init__.py", line 1684, in _log
    self.handle(record)
  File "/usr/local/lib/python3.12/logging/__init__.py", line 1700, in handle
    self.callHandlers(record)
  File "/usr/local/lib/python3.12/logging/__init__.py", line 1762, in callHandlers
    hdlr.handle(record)
  File "/usr/local/lib/python3.12/logging/__init__.py", line 1028, in handle
    self.emit(record)
  File "/usr/local/lib/python3.12/site-packages/django/utils/log.py", line 128, in emit
    self.send_mail(subject, message, fail_silently=True, html_message=html_message)
  File "/usr/local/lib/python3.12/site-packages/django/utils/log.py", line 132, in send_mail
    subject, message, *args, connection=self.connection(), **kwargs
                                        ^^^^^^^^^^^^^^^^^
  File "/usr/local/lib/python3.12/site-packages/django/utils/log.py", line 136, in connection
    return get_connection(backend=self.email_backend, fail_silently=True)
           ^^^^^^^^^^^^^^^^^^^^^^^^^^^^^^^^^^^^^^^^^^^^^^^^^^^^^^^^^^^^^^
  File "/usr/local/lib/python3.12/site-packages/django/core/mail/__init__.py", line 51, in get_connection
    klass = import_string(backend or settings.EMAIL_BACKEND)
            ^^^^^^^^^^^^^^^^^^^^^^^^^^^^^^^^^^^^^^^^^^^^^^^^
  File "/usr/local/lib/python3.12/site-packages/django/utils/module_loading.py", line 30, in import_string
    return cached_import(module_path, class_name)
           ^^^^^^^^^^^^^^^^^^^^^^^^^^^^^^^^^^^^^^
  File "/usr/local/lib/python3.12/site-packages/django/utils/module_loading.py", line 15, in cached_import
    module = import_module(module_path)
             ^^^^^^^^^^^^^^^^^^^^^^^^^^
  File "/usr/local/lib/python3.12/importlib/__init__.py", line 90, in import_module
    return _bootstrap._gcd_import(name[level:], package, level)
           ^^^^^^^^^^^^^^^^^^^^^^^^^^^^^^^^^^^^^^^^^^^^^^^^^^^^
  File "<frozen importlib._bootstrap>", line 1387, in _gcd_import
  File "<frozen importlib._bootstrap>", line 1360, in _find_and_load
  File "<frozen importlib._bootstrap>", line 1324, in _find_and_load_unlocked
ModuleNotFoundError: No module named 'django_smtp_ssl'
[2024-07-17 21:43:44 +0000] [1] [INFO] Handling signal: term
[2024-07-17 21:43:44 +0000] [17] [INFO] Worker exiting (pid: 17)
[2024-07-17 21:43:44 +0000] [18] [INFO] Worker exiting (pid: 18)
[2024-07-17 21:43:44 +0000] [11] [INFO] Worker exiting (pid: 11)
[2024-07-17 21:43:44 +0000] [12] [INFO] Worker exiting (pid: 12)
[2024-07-17 21:43:44 +0000] [8] [INFO] Worker exiting (pid: 8)
[2024-07-17 21:43:44 +0000] [10] [INFO] Worker exiting (pid: 10)
[2024-07-17 21:43:44 +0000] [13] [INFO] Worker exiting (pid: 13)
[2024-07-17 21:43:44 +0000] [19] [INFO] Worker exiting (pid: 19)
[2024-07-17 21:43:44 +0000] [15] [INFO] Worker exiting (pid: 15)
[2024-07-17 21:43:44 +0000] [24] [INFO] Worker exiting (pid: 24)
[2024-07-17 21:43:44 +0000] [20] [INFO] Worker exiting (pid: 20)
[2024-07-17 21:43:44 +0000] [22] [INFO] Worker exiting (pid: 22)
[2024-07-17 21:43:44 +0000] [16] [INFO] Worker exiting (pid: 16)
[2024-07-17 21:43:44 +0000] [21] [INFO] Worker exiting (pid: 21)
[2024-07-17 21:43:44 +0000] [14] [INFO] Worker exiting (pid: 14)
[2024-07-17 21:43:44 +0000] [9] [INFO] Worker exiting (pid: 9)
[2024-07-17 21:43:44 +0000] [23] [INFO] Worker exiting (pid: 23)
[2024-07-17 21:43:45 +0000] [1] [INFO] Shutting down: Master
[2024-07-17 21:43:48 +0000] [1] [INFO] Starting gunicorn 22.0.0
[2024-07-17 21:43:48 +0000] [1] [INFO] Listening at: http://0.0.0.0:8000 (1)
[2024-07-17 21:43:48 +0000] [1] [INFO] Using worker: sync
[2024-07-17 21:43:48 +0000] [7] [INFO] Booting worker with pid: 7
[2024-07-17 21:43:48 +0000] [8] [INFO] Booting worker with pid: 8
[2024-07-17 21:43:48 +0000] [9] [INFO] Booting worker with pid: 9
[2024-07-17 21:43:48 +0000] [10] [INFO] Booting worker with pid: 10
[2024-07-17 21:43:48 +0000] [11] [INFO] Booting worker with pid: 11
[2024-07-17 21:43:48 +0000] [12] [INFO] Booting worker with pid: 12
[2024-07-17 21:43:48 +0000] [13] [INFO] Booting worker with pid: 13
[2024-07-17 21:43:48 +0000] [14] [INFO] Booting worker with pid: 14
[2024-07-17 21:43:48 +0000] [15] [INFO] Booting worker with pid: 15
[2024-07-17 21:43:48 +0000] [16] [INFO] Booting worker with pid: 16
[2024-07-17 21:43:48 +0000] [17] [INFO] Booting worker with pid: 17
[2024-07-17 21:43:48 +0000] [18] [INFO] Booting worker with pid: 18
[2024-07-17 21:43:48 +0000] [19] [INFO] Booting worker with pid: 19
[2024-07-17 21:43:48 +0000] [20] [INFO] Booting worker with pid: 20
[2024-07-17 21:43:48 +0000] [21] [INFO] Booting worker with pid: 21
[2024-07-17 21:43:49 +0000] [22] [INFO] Booting worker with pid: 22
[2024-07-17 21:43:49 +0000] [23] [INFO] Booting worker with pid: 23
[2024-07-17 21:45:31 +0000] [1] [INFO] Handling signal: term
[2024-07-17 21:45:31 +0000] [7] [INFO] Worker exiting (pid: 7)
[2024-07-17 21:45:31 +0000] [8] [INFO] Worker exiting (pid: 8)
[2024-07-17 21:45:31 +0000] [10] [INFO] Worker exiting (pid: 10)
[2024-07-17 21:45:31 +0000] [11] [INFO] Worker exiting (pid: 11)
[2024-07-17 21:45:31 +0000] [9] [INFO] Worker exiting (pid: 9)
[2024-07-17 21:45:31 +0000] [13] [INFO] Worker exiting (pid: 13)
[2024-07-17 21:45:31 +0000] [15] [INFO] Worker exiting (pid: 15)
[2024-07-17 21:45:31 +0000] [18] [INFO] Worker exiting (pid: 18)
[2024-07-17 21:45:31 +0000] [23] [INFO] Worker exiting (pid: 23)
[2024-07-17 21:45:31 +0000] [12] [INFO] Worker exiting (pid: 12)
[2024-07-17 21:45:31 +0000] [14] [INFO] Worker exiting (pid: 14)
[2024-07-17 21:45:31 +0000] [21] [INFO] Worker exiting (pid: 21)
[2024-07-17 21:45:31 +0000] [19] [INFO] Worker exiting (pid: 19)
[2024-07-17 21:45:31 +0000] [17] [INFO] Worker exiting (pid: 17)
[2024-07-17 21:45:31 +0000] [16] [INFO] Worker exiting (pid: 16)
[2024-07-17 21:45:31 +0000] [22] [INFO] Worker exiting (pid: 22)
[2024-07-17 21:45:31 +0000] [20] [INFO] Worker exiting (pid: 20)
[2024-07-17 21:45:31 +0000] [1] [INFO] Shutting down: Master
[2024-07-17 21:45:35 +0000] [1] [INFO] Starting gunicorn 22.0.0
[2024-07-17 21:45:35 +0000] [1] [INFO] Listening at: http://0.0.0.0:8000 (1)
[2024-07-17 21:45:35 +0000] [1] [INFO] Using worker: sync
[2024-07-17 21:45:35 +0000] [7] [INFO] Booting worker with pid: 7
[2024-07-17 21:45:35 +0000] [8] [INFO] Booting worker with pid: 8
[2024-07-17 21:45:35 +0000] [9] [INFO] Booting worker with pid: 9
[2024-07-17 21:45:35 +0000] [10] [INFO] Booting worker with pid: 10
[2024-07-17 21:45:35 +0000] [11] [INFO] Booting worker with pid: 11
[2024-07-17 21:45:35 +0000] [12] [INFO] Booting worker with pid: 12
[2024-07-17 21:45:35 +0000] [13] [INFO] Booting worker with pid: 13
[2024-07-17 21:45:35 +0000] [14] [INFO] Booting worker with pid: 14
[2024-07-17 21:45:35 +0000] [15] [INFO] Booting worker with pid: 15
[2024-07-17 21:45:35 +0000] [16] [INFO] Booting worker with pid: 16
[2024-07-17 21:45:35 +0000] [17] [INFO] Booting worker with pid: 17
[2024-07-17 21:45:35 +0000] [18] [INFO] Booting worker with pid: 18
[2024-07-17 21:45:35 +0000] [19] [INFO] Booting worker with pid: 19
[2024-07-17 21:45:35 +0000] [20] [INFO] Booting worker with pid: 20
[2024-07-17 21:45:36 +0000] [21] [INFO] Booting worker with pid: 21
[2024-07-17 21:45:36 +0000] [22] [INFO] Booting worker with pid: 22
[2024-07-17 21:45:36 +0000] [23] [INFO] Booting worker with pid: 23
[2024-07-17 21:47:08 +0000] [1] [INFO] Handling signal: term
[2024-07-17 21:47:08 +0000] [8] [INFO] Worker exiting (pid: 8)
[2024-07-17 21:47:08 +0000] [13] [INFO] Worker exiting (pid: 13)
[2024-07-17 21:47:08 +0000] [9] [INFO] Worker exiting (pid: 9)
[2024-07-17 21:47:08 +0000] [7] [INFO] Worker exiting (pid: 7)
[2024-07-17 21:47:08 +0000] [15] [INFO] Worker exiting (pid: 15)
[2024-07-17 21:47:08 +0000] [11] [INFO] Worker exiting (pid: 11)
[2024-07-17 21:47:08 +0000] [10] [INFO] Worker exiting (pid: 10)
[2024-07-17 21:47:08 +0000] [16] [INFO] Worker exiting (pid: 16)
[2024-07-17 21:47:08 +0000] [12] [INFO] Worker exiting (pid: 12)
[2024-07-17 21:47:08 +0000] [18] [INFO] Worker exiting (pid: 18)
[2024-07-17 21:47:08 +0000] [17] [INFO] Worker exiting (pid: 17)
[2024-07-17 21:47:08 +0000] [22] [INFO] Worker exiting (pid: 22)
[2024-07-17 21:47:08 +0000] [14] [INFO] Worker exiting (pid: 14)
[2024-07-17 21:47:08 +0000] [19] [INFO] Worker exiting (pid: 19)
[2024-07-17 21:47:08 +0000] [21] [INFO] Worker exiting (pid: 21)
[2024-07-17 21:47:08 +0000] [23] [INFO] Worker exiting (pid: 23)
[2024-07-17 21:47:08 +0000] [20] [INFO] Worker exiting (pid: 20)
[2024-07-17 21:47:09 +0000] [1] [INFO] Shutting down: Master
[2024-07-17 21:47:37 +0000] [1] [INFO] Starting gunicorn 22.0.0
[2024-07-17 21:47:37 +0000] [1] [INFO] Listening at: http://0.0.0.0:8000 (1)
[2024-07-17 21:47:37 +0000] [1] [INFO] Using worker: sync
[2024-07-17 21:47:37 +0000] [7] [INFO] Booting worker with pid: 7
[2024-07-17 21:47:37 +0000] [8] [INFO] Booting worker with pid: 8
[2024-07-17 21:47:37 +0000] [9] [INFO] Booting worker with pid: 9
[2024-07-17 21:47:37 +0000] [10] [INFO] Booting worker with pid: 10
[2024-07-17 21:47:37 +0000] [11] [INFO] Booting worker with pid: 11
[2024-07-17 21:47:37 +0000] [12] [INFO] Booting worker with pid: 12
[2024-07-17 21:47:37 +0000] [13] [INFO] Booting worker with pid: 13
[2024-07-17 21:47:37 +0000] [14] [INFO] Booting worker with pid: 14
[2024-07-17 21:47:37 +0000] [15] [INFO] Booting worker with pid: 15
[2024-07-17 21:47:37 +0000] [16] [INFO] Booting worker with pid: 16
[2024-07-17 21:47:38 +0000] [17] [INFO] Booting worker with pid: 17
[2024-07-17 21:47:38 +0000] [18] [INFO] Booting worker with pid: 18
[2024-07-17 21:47:38 +0000] [19] [INFO] Booting worker with pid: 19
[2024-07-17 21:47:38 +0000] [20] [INFO] Booting worker with pid: 20
[2024-07-17 21:47:38 +0000] [21] [INFO] Booting worker with pid: 21
[2024-07-17 21:47:38 +0000] [22] [INFO] Booting worker with pid: 22
[2024-07-17 21:47:38 +0000] [23] [INFO] Booting worker with pid: 23
[2024-07-17 21:48:56 +0000] [1] [INFO] Handling signal: term
[2024-07-17 21:48:56 +0000] [7] [INFO] Worker exiting (pid: 7)
[2024-07-17 21:48:56 +0000] [8] [INFO] Worker exiting (pid: 8)
[2024-07-17 21:48:56 +0000] [11] [INFO] Worker exiting (pid: 11)
[2024-07-17 21:48:56 +0000] [13] [INFO] Worker exiting (pid: 13)
[2024-07-17 21:48:56 +0000] [9] [INFO] Worker exiting (pid: 9)
[2024-07-17 21:48:56 +0000] [14] [INFO] Worker exiting (pid: 14)
[2024-07-17 21:48:56 +0000] [10] [INFO] Worker exiting (pid: 10)
[2024-07-17 21:48:56 +0000] [12] [INFO] Worker exiting (pid: 12)
[2024-07-17 21:48:56 +0000] [15] [INFO] Worker exiting (pid: 15)
[2024-07-17 21:48:56 +0000] [16] [INFO] Worker exiting (pid: 16)
[2024-07-17 21:48:56 +0000] [19] [INFO] Worker exiting (pid: 19)
[2024-07-17 21:48:56 +0000] [20] [INFO] Worker exiting (pid: 20)
[2024-07-17 21:48:56 +0000] [17] [INFO] Worker exiting (pid: 17)
[2024-07-17 21:48:56 +0000] [22] [INFO] Worker exiting (pid: 22)
[2024-07-17 21:48:56 +0000] [21] [INFO] Worker exiting (pid: 21)
[2024-07-17 21:48:56 +0000] [18] [INFO] Worker exiting (pid: 18)
[2024-07-17 21:48:56 +0000] [23] [INFO] Worker exiting (pid: 23)
[2024-07-17 21:48:57 +0000] [1] [INFO] Shutting down: Master
[2024-07-17 21:49:00 +0000] [1] [INFO] Starting gunicorn 22.0.0
[2024-07-17 21:49:00 +0000] [1] [INFO] Listening at: http://0.0.0.0:8000 (1)
[2024-07-17 21:49:00 +0000] [1] [INFO] Using worker: sync
[2024-07-17 21:49:00 +0000] [7] [INFO] Booting worker with pid: 7
[2024-07-17 21:49:00 +0000] [8] [INFO] Booting worker with pid: 8
[2024-07-17 21:49:00 +0000] [9] [INFO] Booting worker with pid: 9
[2024-07-17 21:49:00 +0000] [10] [INFO] Booting worker with pid: 10
[2024-07-17 21:49:00 +0000] [11] [INFO] Booting worker with pid: 11
[2024-07-17 21:49:00 +0000] [12] [INFO] Booting worker with pid: 12
[2024-07-17 21:49:00 +0000] [13] [INFO] Booting worker with pid: 13
[2024-07-17 21:49:00 +0000] [14] [INFO] Booting worker with pid: 14
[2024-07-17 21:49:00 +0000] [15] [INFO] Booting worker with pid: 15
[2024-07-17 21:49:00 +0000] [16] [INFO] Booting worker with pid: 16
[2024-07-17 21:49:01 +0000] [17] [INFO] Booting worker with pid: 17
[2024-07-17 21:49:01 +0000] [18] [INFO] Booting worker with pid: 18
[2024-07-17 21:49:01 +0000] [19] [INFO] Booting worker with pid: 19
[2024-07-17 21:49:01 +0000] [20] [INFO] Booting worker with pid: 20
[2024-07-17 21:49:01 +0000] [21] [INFO] Booting worker with pid: 21
[2024-07-17 21:49:01 +0000] [22] [INFO] Booting worker with pid: 22
[2024-07-17 21:49:01 +0000] [23] [INFO] Booting worker with pid: 23
[2024-07-17 21:52:12 +0000] [1] [INFO] Handling signal: term
[2024-07-17 21:52:12 +0000] [9] [INFO] Worker exiting (pid: 9)
[2024-07-17 21:52:12 +0000] [7] [INFO] Worker exiting (pid: 7)
[2024-07-17 21:52:12 +0000] [12] [INFO] Worker exiting (pid: 12)
[2024-07-17 21:52:12 +0000] [17] [INFO] Worker exiting (pid: 17)
[2024-07-17 21:52:12 +0000] [14] [INFO] Worker exiting (pid: 14)
[2024-07-17 21:52:12 +0000] [21] [INFO] Worker exiting (pid: 21)
[2024-07-17 21:52:12 +0000] [8] [INFO] Worker exiting (pid: 8)
[2024-07-17 21:52:12 +0000] [11] [INFO] Worker exiting (pid: 11)
[2024-07-17 21:52:12 +0000] [20] [INFO] Worker exiting (pid: 20)
[2024-07-17 21:52:12 +0000] [22] [INFO] Worker exiting (pid: 22)
[2024-07-17 21:52:12 +0000] [15] [INFO] Worker exiting (pid: 15)
[2024-07-17 21:52:12 +0000] [10] [INFO] Worker exiting (pid: 10)
[2024-07-17 21:52:12 +0000] [19] [INFO] Worker exiting (pid: 19)
[2024-07-17 21:52:12 +0000] [13] [INFO] Worker exiting (pid: 13)
[2024-07-17 21:52:12 +0000] [16] [INFO] Worker exiting (pid: 16)
[2024-07-17 21:52:12 +0000] [23] [INFO] Worker exiting (pid: 23)
[2024-07-17 21:52:12 +0000] [18] [INFO] Worker exiting (pid: 18)
[2024-07-17 21:52:13 +0000] [1] [INFO] Shutting down: Master
[2024-07-17 21:54:03 +0000] [1] [INFO] Starting gunicorn 22.0.0
[2024-07-17 21:54:03 +0000] [1] [INFO] Listening at: http://0.0.0.0:8000 (1)
[2024-07-17 21:54:03 +0000] [1] [INFO] Using worker: sync
[2024-07-17 21:54:03 +0000] [7] [INFO] Booting worker with pid: 7
[2024-07-17 21:54:03 +0000] [8] [INFO] Booting worker with pid: 8
[2024-07-17 21:54:03 +0000] [9] [INFO] Booting worker with pid: 9
[2024-07-17 21:54:03 +0000] [10] [INFO] Booting worker with pid: 10
[2024-07-17 21:54:03 +0000] [11] [INFO] Booting worker with pid: 11
[2024-07-17 21:54:03 +0000] [12] [INFO] Booting worker with pid: 12
[2024-07-17 21:54:03 +0000] [13] [INFO] Booting worker with pid: 13
[2024-07-17 21:54:03 +0000] [14] [INFO] Booting worker with pid: 14
[2024-07-17 21:54:03 +0000] [15] [INFO] Booting worker with pid: 15
[2024-07-17 21:54:03 +0000] [16] [INFO] Booting worker with pid: 16
[2024-07-17 21:54:03 +0000] [17] [INFO] Booting worker with pid: 17
[2024-07-17 21:54:03 +0000] [18] [INFO] Booting worker with pid: 18
[2024-07-17 21:54:03 +0000] [19] [INFO] Booting worker with pid: 19
[2024-07-17 21:54:03 +0000] [20] [INFO] Booting worker with pid: 20
[2024-07-17 21:54:03 +0000] [21] [INFO] Booting worker with pid: 21
[2024-07-17 21:54:03 +0000] [22] [INFO] Booting worker with pid: 22
[2024-07-17 21:54:04 +0000] [23] [INFO] Booting worker with pid: 23
[2024-07-17 21:56:17 +0000] [1] [INFO] Handling signal: term
[2024-07-17 21:56:17 +0000] [7] [INFO] Worker exiting (pid: 7)
[2024-07-17 21:56:17 +0000] [8] [INFO] Worker exiting (pid: 8)
[2024-07-17 21:56:17 +0000] [9] [INFO] Worker exiting (pid: 9)
[2024-07-17 21:56:17 +0000] [12] [INFO] Worker exiting (pid: 12)
[2024-07-17 21:56:17 +0000] [14] [INFO] Worker exiting (pid: 14)
[2024-07-17 21:56:17 +0000] [11] [INFO] Worker exiting (pid: 11)
[2024-07-17 21:56:17 +0000] [15] [INFO] Worker exiting (pid: 15)
[2024-07-17 21:56:17 +0000] [10] [INFO] Worker exiting (pid: 10)
[2024-07-17 21:56:17 +0000] [13] [INFO] Worker exiting (pid: 13)
[2024-07-17 21:56:17 +0000] [17] [INFO] Worker exiting (pid: 17)
[2024-07-17 21:56:17 +0000] [18] [INFO] Worker exiting (pid: 18)
[2024-07-17 21:56:17 +0000] [16] [INFO] Worker exiting (pid: 16)
[2024-07-17 21:56:17 +0000] [19] [INFO] Worker exiting (pid: 19)
[2024-07-17 21:56:17 +0000] [21] [INFO] Worker exiting (pid: 21)
[2024-07-17 21:56:17 +0000] [22] [INFO] Worker exiting (pid: 22)
[2024-07-17 21:56:17 +0000] [20] [INFO] Worker exiting (pid: 20)
[2024-07-17 21:56:17 +0000] [23] [INFO] Worker exiting (pid: 23)
[2024-07-17 21:56:17 +0000] [1] [INFO] Shutting down: Master
[2024-07-17 21:56:26 +0000] [1] [INFO] Starting gunicorn 22.0.0
[2024-07-17 21:56:26 +0000] [1] [INFO] Listening at: http://0.0.0.0:8000 (1)
[2024-07-17 21:56:26 +0000] [1] [INFO] Using worker: sync
[2024-07-17 21:56:26 +0000] [7] [INFO] Booting worker with pid: 7
[2024-07-17 21:56:26 +0000] [8] [INFO] Booting worker with pid: 8
[2024-07-17 21:56:26 +0000] [9] [INFO] Booting worker with pid: 9
[2024-07-17 21:56:26 +0000] [10] [INFO] Booting worker with pid: 10
[2024-07-17 21:56:26 +0000] [11] [INFO] Booting worker with pid: 11
[2024-07-17 21:56:26 +0000] [12] [INFO] Booting worker with pid: 12
[2024-07-17 21:56:26 +0000] [13] [INFO] Booting worker with pid: 13
[2024-07-17 21:56:26 +0000] [14] [INFO] Booting worker with pid: 14
[2024-07-17 21:56:26 +0000] [15] [INFO] Booting worker with pid: 15
[2024-07-17 21:56:26 +0000] [16] [INFO] Booting worker with pid: 16
[2024-07-17 21:56:27 +0000] [17] [INFO] Booting worker with pid: 17
[2024-07-17 21:56:27 +0000] [18] [INFO] Booting worker with pid: 18
[2024-07-17 21:56:27 +0000] [19] [INFO] Booting worker with pid: 19
[2024-07-17 21:56:27 +0000] [20] [INFO] Booting worker with pid: 20
[2024-07-17 21:56:27 +0000] [21] [INFO] Booting worker with pid: 21
[2024-07-17 21:56:27 +0000] [22] [INFO] Booting worker with pid: 22
[2024-07-17 21:56:27 +0000] [23] [INFO] Booting worker with pid: 23
[2024-07-17 21:57:04 +0000] [1] [INFO] Handling signal: term
[2024-07-17 21:57:04 +0000] [12] [INFO] Worker exiting (pid: 12)
[2024-07-17 21:57:04 +0000] [17] [INFO] Worker exiting (pid: 17)
[2024-07-17 21:57:04 +0000] [10] [INFO] Worker exiting (pid: 10)
[2024-07-17 21:57:04 +0000] [8] [INFO] Worker exiting (pid: 8)
[2024-07-17 21:57:04 +0000] [13] [INFO] Worker exiting (pid: 13)
[2024-07-17 21:57:04 +0000] [16] [INFO] Worker exiting (pid: 16)
[2024-07-17 21:57:04 +0000] [9] [INFO] Worker exiting (pid: 9)
[2024-07-17 21:57:04 +0000] [14] [INFO] Worker exiting (pid: 14)
[2024-07-17 21:57:04 +0000] [11] [INFO] Worker exiting (pid: 11)
[2024-07-17 21:57:04 +0000] [20] [INFO] Worker exiting (pid: 20)
[2024-07-17 21:57:04 +0000] [7] [INFO] Worker exiting (pid: 7)
[2024-07-17 21:57:04 +0000] [19] [INFO] Worker exiting (pid: 19)
[2024-07-17 21:57:04 +0000] [23] [INFO] Worker exiting (pid: 23)
[2024-07-17 21:57:04 +0000] [18] [INFO] Worker exiting (pid: 18)
[2024-07-17 21:57:04 +0000] [21] [INFO] Worker exiting (pid: 21)
[2024-07-17 21:57:04 +0000] [22] [INFO] Worker exiting (pid: 22)
[2024-07-17 21:57:04 +0000] [15] [INFO] Worker exiting (pid: 15)
[2024-07-17 21:57:05 +0000] [1] [INFO] Shutting down: Master
[2024-07-17 21:57:08 +0000] [1] [INFO] Starting gunicorn 22.0.0
[2024-07-17 21:57:08 +0000] [1] [INFO] Listening at: http://0.0.0.0:8000 (1)
[2024-07-17 21:57:08 +0000] [1] [INFO] Using worker: sync
[2024-07-17 21:57:08 +0000] [7] [INFO] Booting worker with pid: 7
[2024-07-17 21:57:08 +0000] [8] [INFO] Booting worker with pid: 8
[2024-07-17 21:57:08 +0000] [9] [INFO] Booting worker with pid: 9
[2024-07-17 21:57:08 +0000] [10] [INFO] Booting worker with pid: 10
[2024-07-17 21:57:08 +0000] [11] [INFO] Booting worker with pid: 11
[2024-07-17 21:57:08 +0000] [12] [INFO] Booting worker with pid: 12
[2024-07-17 21:57:08 +0000] [13] [INFO] Booting worker with pid: 13
[2024-07-17 21:57:08 +0000] [14] [INFO] Booting worker with pid: 14
[2024-07-17 21:57:08 +0000] [15] [INFO] Booting worker with pid: 15
[2024-07-17 21:57:08 +0000] [16] [INFO] Booting worker with pid: 16
[2024-07-17 21:57:08 +0000] [17] [INFO] Booting worker with pid: 17
[2024-07-17 21:57:08 +0000] [18] [INFO] Booting worker with pid: 18
[2024-07-17 21:57:08 +0000] [19] [INFO] Booting worker with pid: 19
[2024-07-17 21:57:08 +0000] [20] [INFO] Booting worker with pid: 20
[2024-07-17 21:57:08 +0000] [22] [INFO] Booting worker with pid: 22
[2024-07-17 21:57:08 +0000] [21] [INFO] Booting worker with pid: 21
[2024-07-17 21:57:09 +0000] [23] [INFO] Booting worker with pid: 23
[2024-07-17 22:12:14 +0000] [1] [INFO] Handling signal: term
[2024-07-17 22:12:14 +0000] [12] [INFO] Worker exiting (pid: 12)
[2024-07-17 22:12:14 +0000] [8] [INFO] Worker exiting (pid: 8)
[2024-07-17 22:12:14 +0000] [11] [INFO] Worker exiting (pid: 11)
[2024-07-17 22:12:14 +0000] [13] [INFO] Worker exiting (pid: 13)
[2024-07-17 22:12:14 +0000] [10] [INFO] Worker exiting (pid: 10)
[2024-07-17 22:12:14 +0000] [14] [INFO] Worker exiting (pid: 14)
[2024-07-17 22:12:14 +0000] [17] [INFO] Worker exiting (pid: 17)
[2024-07-17 22:12:14 +0000] [18] [INFO] Worker exiting (pid: 18)
[2024-07-17 22:12:14 +0000] [19] [INFO] Worker exiting (pid: 19)
[2024-07-17 22:12:14 +0000] [16] [INFO] Worker exiting (pid: 16)
[2024-07-17 22:12:14 +0000] [9] [INFO] Worker exiting (pid: 9)
[2024-07-17 22:12:14 +0000] [7] [INFO] Worker exiting (pid: 7)
[2024-07-17 22:12:14 +0000] [15] [INFO] Worker exiting (pid: 15)
[2024-07-17 22:12:14 +0000] [21] [INFO] Worker exiting (pid: 21)
[2024-07-17 22:12:14 +0000] [23] [INFO] Worker exiting (pid: 23)
[2024-07-17 22:12:14 +0000] [20] [INFO] Worker exiting (pid: 20)
[2024-07-17 22:12:14 +0000] [22] [INFO] Worker exiting (pid: 22)
[2024-07-17 22:12:15 +0000] [1] [INFO] Shutting down: Master
[2024-07-19 18:46:26 +0000] [1] [INFO] Starting gunicorn 22.0.0
[2024-07-19 18:46:26 +0000] [1] [INFO] Listening at: http://0.0.0.0:8000 (1)
[2024-07-19 18:46:26 +0000] [1] [INFO] Using worker: sync
[2024-07-19 18:46:26 +0000] [7] [INFO] Booting worker with pid: 7
[2024-07-19 18:46:27 +0000] [8] [INFO] Booting worker with pid: 8
[2024-07-19 18:46:27 +0000] [9] [INFO] Booting worker with pid: 9
[2024-07-19 18:46:27 +0000] [10] [INFO] Booting worker with pid: 10
[2024-07-19 18:46:27 +0000] [11] [INFO] Booting worker with pid: 11
[2024-07-19 18:46:27 +0000] [12] [INFO] Booting worker with pid: 12
[2024-07-19 18:46:27 +0000] [13] [INFO] Booting worker with pid: 13
[2024-07-19 18:46:27 +0000] [14] [INFO] Booting worker with pid: 14
[2024-07-19 18:46:27 +0000] [15] [INFO] Booting worker with pid: 15
[2024-07-19 18:46:27 +0000] [16] [INFO] Booting worker with pid: 16
[2024-07-19 18:46:27 +0000] [17] [INFO] Booting worker with pid: 17
[2024-07-19 18:46:27 +0000] [18] [INFO] Booting worker with pid: 18
[2024-07-19 18:46:27 +0000] [19] [INFO] Booting worker with pid: 19
[2024-07-19 18:46:27 +0000] [20] [INFO] Booting worker with pid: 20
[2024-07-19 18:46:27 +0000] [21] [INFO] Booting worker with pid: 21
[2024-07-19 18:46:27 +0000] [22] [INFO] Booting worker with pid: 22
[2024-07-19 18:46:27 +0000] [23] [INFO] Booting worker with pid: 23
Not Found: /static/css/style.css
Not Found: /static/css/fontawesome.min.css
Not Found: /static/img/hero-5.png
Not Found: /static/css/bootstrap.min.css
Not Found: /static/img/logo.jpg
Not Found: /static/img/hero-6.jpg
Not Found: /static/js/bootstrap.bundle.min.js
Not Found: /static/js/main.js
Not Found: /static/css/fontawesome.min.css
Not Found: /static/img/logo.jpg
Not Found: /static/css/bootstrap.min.css
Not Found: /static/img/hero-6.jpg
Not Found: /static/js/main.js
Not Found: /static/img/hero-5.png
Not Found: /static/css/style.css
Not Found: /static/js/bootstrap.bundle.min.js
Not Found: /static/favicon.ico
[2024-07-19 18:47:00 +0000] [1] [INFO] Handling signal: term
[2024-07-19 18:47:00 +0000] [10] [INFO] Worker exiting (pid: 10)
[2024-07-19 18:47:00 +0000] [9] [INFO] Worker exiting (pid: 9)
[2024-07-19 18:47:00 +0000] [18] [INFO] Worker exiting (pid: 18)
[2024-07-19 18:47:00 +0000] [14] [INFO] Worker exiting (pid: 14)
[2024-07-19 18:47:00 +0000] [8] [INFO] Worker exiting (pid: 8)
[2024-07-19 18:47:00 +0000] [7] [INFO] Worker exiting (pid: 7)
[2024-07-19 18:47:00 +0000] [13] [INFO] Worker exiting (pid: 13)
[2024-07-19 18:47:00 +0000] [12] [INFO] Worker exiting (pid: 12)
[2024-07-19 18:47:00 +0000] [11] [INFO] Worker exiting (pid: 11)
[2024-07-19 18:47:00 +0000] [19] [INFO] Worker exiting (pid: 19)
[2024-07-19 18:47:00 +0000] [16] [INFO] Worker exiting (pid: 16)
[2024-07-19 18:47:00 +0000] [21] [INFO] Worker exiting (pid: 21)
[2024-07-19 18:47:00 +0000] [17] [INFO] Worker exiting (pid: 17)
[2024-07-19 18:47:00 +0000] [22] [INFO] Worker exiting (pid: 22)
[2024-07-19 18:47:00 +0000] [20] [INFO] Worker exiting (pid: 20)
[2024-07-19 18:47:00 +0000] [15] [INFO] Worker exiting (pid: 15)
[2024-07-19 18:47:00 +0000] [23] [INFO] Worker exiting (pid: 23)
[2024-07-19 18:47:00 +0000] [1] [INFO] Shutting down: Master
[2024-07-19 18:47:05 +0000] [1] [INFO] Starting gunicorn 22.0.0
[2024-07-19 18:47:05 +0000] [1] [INFO] Listening at: http://0.0.0.0:8000 (1)
[2024-07-19 18:47:05 +0000] [1] [INFO] Using worker: sync
[2024-07-19 18:47:05 +0000] [7] [INFO] Booting worker with pid: 7
[2024-07-19 18:47:05 +0000] [8] [INFO] Booting worker with pid: 8
[2024-07-19 18:47:05 +0000] [9] [INFO] Booting worker with pid: 9
[2024-07-19 18:47:05 +0000] [10] [INFO] Booting worker with pid: 10
[2024-07-19 18:47:05 +0000] [11] [INFO] Booting worker with pid: 11
[2024-07-19 18:47:05 +0000] [12] [INFO] Booting worker with pid: 12
[2024-07-19 18:47:05 +0000] [13] [INFO] Booting worker with pid: 13
[2024-07-19 18:47:05 +0000] [14] [INFO] Booting worker with pid: 14
[2024-07-19 18:47:05 +0000] [15] [INFO] Booting worker with pid: 15
[2024-07-19 18:47:05 +0000] [16] [INFO] Booting worker with pid: 16
[2024-07-19 18:47:05 +0000] [17] [INFO] Booting worker with pid: 17
[2024-07-19 18:47:05 +0000] [18] [INFO] Booting worker with pid: 18
[2024-07-19 18:47:05 +0000] [19] [INFO] Booting worker with pid: 19
[2024-07-19 18:47:05 +0000] [20] [INFO] Booting worker with pid: 20
[2024-07-19 18:47:05 +0000] [21] [INFO] Booting worker with pid: 21
[2024-07-19 18:47:05 +0000] [22] [INFO] Booting worker with pid: 22
[2024-07-19 18:47:05 +0000] [23] [INFO] Booting worker with pid: 23
Not Found: /static/css/fontawesome.min.css
Not Found: /static/img/hero-6.jpg
Not Found: /static/css/bootstrap.min.css
Not Found: /static/img/logo.jpg
Not Found: /static/css/style.css
Not Found: /static/img/hero-5.png
Not Found: /static/js/bootstrap.bundle.min.js
Not Found: /static/js/main.js
Not Found: /static/css/fontawesome.min.css
Not Found: /static/css/bootstrap.min.css
Not Found: /static/img/hero-6.jpg
Not Found: /static/js/bootstrap.bundle.min.js
Not Found: /static/img/hero-5.png
Not Found: /static/css/style.css
Not Found: /static/img/logo.jpg
Not Found: /static/js/main.js
Not Found: /static/favicon.ico
[2024-07-19 18:51:38 +0000] [1] [INFO] Handling signal: term
[2024-07-19 18:51:38 +0000] [13] [INFO] Worker exiting (pid: 13)
[2024-07-19 18:51:38 +0000] [14] [INFO] Worker exiting (pid: 14)
[2024-07-19 18:51:38 +0000] [12] [INFO] Worker exiting (pid: 12)
[2024-07-19 18:51:38 +0000] [9] [INFO] Worker exiting (pid: 9)
[2024-07-19 18:51:38 +0000] [7] [INFO] Worker exiting (pid: 7)
[2024-07-19 18:51:38 +0000] [8] [INFO] Worker exiting (pid: 8)
[2024-07-19 18:51:38 +0000] [16] [INFO] Worker exiting (pid: 16)
[2024-07-19 18:51:38 +0000] [10] [INFO] Worker exiting (pid: 10)
[2024-07-19 18:51:38 +0000] [19] [INFO] Worker exiting (pid: 19)
[2024-07-19 18:51:38 +0000] [11] [INFO] Worker exiting (pid: 11)
[2024-07-19 18:51:38 +0000] [15] [INFO] Worker exiting (pid: 15)
[2024-07-19 18:51:38 +0000] [20] [INFO] Worker exiting (pid: 20)
[2024-07-19 18:51:38 +0000] [23] [INFO] Worker exiting (pid: 23)
[2024-07-19 18:51:38 +0000] [18] [INFO] Worker exiting (pid: 18)
[2024-07-19 18:51:38 +0000] [17] [INFO] Worker exiting (pid: 17)
[2024-07-19 18:51:38 +0000] [22] [INFO] Worker exiting (pid: 22)
[2024-07-19 18:51:38 +0000] [21] [INFO] Worker exiting (pid: 21)
[2024-07-19 18:51:39 +0000] [1] [INFO] Shutting down: Master
[2024-07-19 18:51:44 +0000] [1] [INFO] Starting gunicorn 22.0.0
[2024-07-19 18:51:44 +0000] [1] [INFO] Listening at: http://0.0.0.0:8000 (1)
[2024-07-19 18:51:44 +0000] [1] [INFO] Using worker: sync
[2024-07-19 18:51:44 +0000] [7] [INFO] Booting worker with pid: 7
[2024-07-19 18:51:44 +0000] [8] [INFO] Booting worker with pid: 8
[2024-07-19 18:51:44 +0000] [9] [INFO] Booting worker with pid: 9
[2024-07-19 18:51:44 +0000] [10] [INFO] Booting worker with pid: 10
[2024-07-19 18:51:44 +0000] [11] [INFO] Booting worker with pid: 11
[2024-07-19 18:51:44 +0000] [12] [INFO] Booting worker with pid: 12
[2024-07-19 18:51:44 +0000] [13] [INFO] Booting worker with pid: 13
[2024-07-19 18:51:44 +0000] [14] [INFO] Booting worker with pid: 14
[2024-07-19 18:51:44 +0000] [15] [INFO] Booting worker with pid: 15
[2024-07-19 18:51:44 +0000] [16] [INFO] Booting worker with pid: 16
[2024-07-19 18:51:44 +0000] [17] [INFO] Booting worker with pid: 17
[2024-07-19 18:51:44 +0000] [18] [INFO] Booting worker with pid: 18
[2024-07-19 18:51:44 +0000] [19] [INFO] Booting worker with pid: 19
[2024-07-19 18:51:44 +0000] [20] [INFO] Booting worker with pid: 20
[2024-07-19 18:51:44 +0000] [21] [INFO] Booting worker with pid: 21
[2024-07-19 18:51:44 +0000] [22] [INFO] Booting worker with pid: 22
[2024-07-19 18:51:45 +0000] [23] [INFO] Booting worker with pid: 23
Not Found: /static/css/fontawesome.min.css
Not Found: /static/css/bootstrap.min.css
Not Found: /static/img/logo.jpg
Not Found: /static/css/style.css
Not Found: /static/img/hero-5.png
Not Found: /static/js/main.js
Not Found: /static/js/bootstrap.bundle.min.js
Not Found: /static/img/hero-6.jpg
Not Found: /static/css/bootstrap.min.css
Not Found: /static/css/style.css
Not Found: /static/css/fontawesome.min.css
Not Found: /static/js/main.js
Not Found: /static/img/hero-6.jpg
Not Found: /static/js/bootstrap.bundle.min.js
Not Found: /static/img/logo.jpg
[2024-07-19 18:54:48 +0000] [1] [INFO] Handling signal: term
[2024-07-19 18:54:48 +0000] [10] [INFO] Worker exiting (pid: 10)
[2024-07-19 18:54:48 +0000] [12] [INFO] Worker exiting (pid: 12)
[2024-07-19 18:54:48 +0000] [9] [INFO] Worker exiting (pid: 9)
[2024-07-19 18:54:48 +0000] [19] [INFO] Worker exiting (pid: 19)
[2024-07-19 18:54:48 +0000] [7] [INFO] Worker exiting (pid: 7)
[2024-07-19 18:54:48 +0000] [15] [INFO] Worker exiting (pid: 15)
[2024-07-19 18:54:48 +0000] [13] [INFO] Worker exiting (pid: 13)
[2024-07-19 18:54:48 +0000] [11] [INFO] Worker exiting (pid: 11)
[2024-07-19 18:54:48 +0000] [17] [INFO] Worker exiting (pid: 17)
[2024-07-19 18:54:48 +0000] [21] [INFO] Worker exiting (pid: 21)
[2024-07-19 18:54:48 +0000] [22] [INFO] Worker exiting (pid: 22)
[2024-07-19 18:54:48 +0000] [18] [INFO] Worker exiting (pid: 18)
[2024-07-19 18:54:48 +0000] [23] [INFO] Worker exiting (pid: 23)
[2024-07-19 18:54:48 +0000] [16] [INFO] Worker exiting (pid: 16)
[2024-07-19 18:54:48 +0000] [14] [INFO] Worker exiting (pid: 14)
[2024-07-19 18:54:48 +0000] [8] [INFO] Worker exiting (pid: 8)
[2024-07-19 18:54:48 +0000] [20] [INFO] Worker exiting (pid: 20)
[2024-07-19 18:54:49 +0000] [1] [INFO] Shutting down: Master
[2024-07-19 18:55:07 +0000] [1] [INFO] Starting gunicorn 22.0.0
[2024-07-19 18:55:07 +0000] [1] [INFO] Listening at: http://0.0.0.0:8000 (1)
[2024-07-19 18:55:07 +0000] [1] [INFO] Using worker: sync
[2024-07-19 18:55:07 +0000] [7] [INFO] Booting worker with pid: 7
[2024-07-19 18:55:07 +0000] [8] [INFO] Booting worker with pid: 8
[2024-07-19 18:55:07 +0000] [9] [INFO] Booting worker with pid: 9
[2024-07-19 18:55:07 +0000] [10] [INFO] Booting worker with pid: 10
[2024-07-19 18:55:07 +0000] [11] [INFO] Booting worker with pid: 11
[2024-07-19 18:55:07 +0000] [12] [INFO] Booting worker with pid: 12
[2024-07-19 18:55:07 +0000] [13] [INFO] Booting worker with pid: 13
[2024-07-19 18:55:07 +0000] [14] [INFO] Booting worker with pid: 14
[2024-07-19 18:55:07 +0000] [15] [INFO] Booting worker with pid: 15
[2024-07-19 18:55:07 +0000] [16] [INFO] Booting worker with pid: 16
[2024-07-19 18:55:07 +0000] [17] [INFO] Booting worker with pid: 17
[2024-07-19 18:55:07 +0000] [18] [INFO] Booting worker with pid: 18
[2024-07-19 18:55:08 +0000] [19] [INFO] Booting worker with pid: 19
[2024-07-19 18:55:08 +0000] [20] [INFO] Booting worker with pid: 20
[2024-07-19 18:55:08 +0000] [21] [INFO] Booting worker with pid: 21
[2024-07-19 18:55:08 +0000] [22] [INFO] Booting worker with pid: 22
[2024-07-19 18:55:08 +0000] [23] [INFO] Booting worker with pid: 23
Not Found: /static/css/bootstrap.min.css
Not Found: /static/js/bootstrap.bundle.min.js
Not Found: /static/js/main.js
Not Found: /static/css/fontawesome.min.css
Not Found: /static/css/style.css
Not Found: /static/img/hero-6.jpg
Not Found: /static/img/logo.jpg
Not Found: /static/img/hero-5.png
[2024-07-19 18:55:33 +0000] [1] [INFO] Handling signal: term
[2024-07-19 18:55:33 +0000] [8] [INFO] Worker exiting (pid: 8)
[2024-07-19 18:55:33 +0000] [9] [INFO] Worker exiting (pid: 9)
[2024-07-19 18:55:33 +0000] [21] [INFO] Worker exiting (pid: 21)
[2024-07-19 18:55:33 +0000] [18] [INFO] Worker exiting (pid: 18)
[2024-07-19 18:55:33 +0000] [20] [INFO] Worker exiting (pid: 20)
[2024-07-19 18:55:33 +0000] [23] [INFO] Worker exiting (pid: 23)
[2024-07-19 18:55:33 +0000] [7] [INFO] Worker exiting (pid: 7)
[2024-07-19 18:55:33 +0000] [11] [INFO] Worker exiting (pid: 11)
[2024-07-19 18:55:33 +0000] [10] [INFO] Worker exiting (pid: 10)
[2024-07-19 18:55:33 +0000] [19] [INFO] Worker exiting (pid: 19)
[2024-07-19 18:55:33 +0000] [13] [INFO] Worker exiting (pid: 13)
[2024-07-19 18:55:33 +0000] [15] [INFO] Worker exiting (pid: 15)
[2024-07-19 18:55:33 +0000] [22] [INFO] Worker exiting (pid: 22)
[2024-07-19 18:55:33 +0000] [16] [INFO] Worker exiting (pid: 16)
[2024-07-19 18:55:33 +0000] [14] [INFO] Worker exiting (pid: 14)
[2024-07-19 18:55:33 +0000] [12] [INFO] Worker exiting (pid: 12)
[2024-07-19 18:55:33 +0000] [17] [INFO] Worker exiting (pid: 17)
[2024-07-19 18:55:33 +0000] [1] [INFO] Shutting down: Master
[2024-07-19 18:55:42 +0000] [1] [INFO] Starting gunicorn 22.0.0
[2024-07-19 18:55:42 +0000] [1] [INFO] Listening at: http://0.0.0.0:8000 (1)
[2024-07-19 18:55:42 +0000] [1] [INFO] Using worker: sync
[2024-07-19 18:55:42 +0000] [7] [INFO] Booting worker with pid: 7
[2024-07-19 18:55:42 +0000] [8] [INFO] Booting worker with pid: 8
[2024-07-19 18:55:42 +0000] [9] [INFO] Booting worker with pid: 9
[2024-07-19 18:55:42 +0000] [10] [INFO] Booting worker with pid: 10
[2024-07-19 18:55:42 +0000] [11] [INFO] Booting worker with pid: 11
[2024-07-19 18:55:42 +0000] [12] [INFO] Booting worker with pid: 12
[2024-07-19 18:55:42 +0000] [13] [INFO] Booting worker with pid: 13
[2024-07-19 18:55:42 +0000] [14] [INFO] Booting worker with pid: 14
[2024-07-19 18:55:42 +0000] [15] [INFO] Booting worker with pid: 15
[2024-07-19 18:55:42 +0000] [16] [INFO] Booting worker with pid: 16
[2024-07-19 18:55:42 +0000] [17] [INFO] Booting worker with pid: 17
[2024-07-19 18:55:42 +0000] [18] [INFO] Booting worker with pid: 18
[2024-07-19 18:55:42 +0000] [19] [INFO] Booting worker with pid: 19
[2024-07-19 18:55:42 +0000] [20] [INFO] Booting worker with pid: 20
[2024-07-19 18:55:42 +0000] [21] [INFO] Booting worker with pid: 21
[2024-07-19 18:55:43 +0000] [22] [INFO] Booting worker with pid: 22
[2024-07-19 18:55:43 +0000] [23] [INFO] Booting worker with pid: 23
Not Found: /static/img/hero-6.jpg
Not Found: /static/img/hero-5.png
Not Found: /static/css/style.css
Not Found: /static/css/bootstrap.min.css
Not Found: /static/img/logo.jpg
Not Found: /static/css/fontawesome.min.css
Not Found: /static/js/main.js
Not Found: /static/js/bootstrap.bundle.min.js
Not Found: /static/css/fontawesome.min.css
Not Found: /static/img/logo.jpg
Not Found: /static/img/hero-5.png
Not Found: /static/js/main.js
Not Found: /static/css/bootstrap.min.css
Not Found: /static/css/style.css
Not Found: /static/js/bootstrap.bundle.min.js
Not Found: /static/img/hero-6.jpg
Not Found: /static/css/fontawesome.min.css
Not Found: /static/img/hero-5.png
Not Found: /static/img/hero-6.jpg
Not Found: /static/js/bootstrap.bundle.min.js
Not Found: /static/js/main.js
Not Found: /static/img/logo.jpg
Not Found: /static/css/style.css
Not Found: /static/css/bootstrap.min.css
Not Found: /static/favicon.ico
Not Found: /static/css/fontawesome.min.css
Not Found: /static/css/bootstrap.min.css
Not Found: /static/img/hero-5.png
Not Found: /static/img/logo.jpg
Not Found: /static/css/style.css
Not Found: /static/img/hero-6.jpg
Not Found: /static/js/bootstrap.bundle.min.js
Not Found: /static/js/main.js
Not Found: /static/favicon.ico
[2024-07-19 18:56:17 +0000] [1] [INFO] Handling signal: term
[2024-07-19 18:56:17 +0000] [7] [INFO] Worker exiting (pid: 7)
[2024-07-19 18:56:17 +0000] [9] [INFO] Worker exiting (pid: 9)
[2024-07-19 18:56:17 +0000] [8] [INFO] Worker exiting (pid: 8)
[2024-07-19 18:56:17 +0000] [12] [INFO] Worker exiting (pid: 12)
[2024-07-19 18:56:17 +0000] [14] [INFO] Worker exiting (pid: 14)
[2024-07-19 18:56:17 +0000] [10] [INFO] Worker exiting (pid: 10)
[2024-07-19 18:56:17 +0000] [22] [INFO] Worker exiting (pid: 22)
[2024-07-19 18:56:17 +0000] [21] [INFO] Worker exiting (pid: 21)
[2024-07-19 18:56:17 +0000] [18] [INFO] Worker exiting (pid: 18)
[2024-07-19 18:56:17 +0000] [20] [INFO] Worker exiting (pid: 20)
[2024-07-19 18:56:17 +0000] [11] [INFO] Worker exiting (pid: 11)
[2024-07-19 18:56:17 +0000] [17] [INFO] Worker exiting (pid: 17)
[2024-07-19 18:56:17 +0000] [19] [INFO] Worker exiting (pid: 19)
[2024-07-19 18:56:17 +0000] [23] [INFO] Worker exiting (pid: 23)
[2024-07-19 18:56:17 +0000] [15] [INFO] Worker exiting (pid: 15)
[2024-07-19 18:56:17 +0000] [13] [INFO] Worker exiting (pid: 13)
[2024-07-19 18:56:17 +0000] [16] [INFO] Worker exiting (pid: 16)
[2024-07-19 18:56:18 +0000] [1] [INFO] Shutting down: Master
[2024-07-19 18:56:21 +0000] [1] [INFO] Starting gunicorn 22.0.0
[2024-07-19 18:56:21 +0000] [1] [INFO] Listening at: http://0.0.0.0:8000 (1)
[2024-07-19 18:56:21 +0000] [1] [INFO] Using worker: sync
[2024-07-19 18:56:21 +0000] [7] [INFO] Booting worker with pid: 7
[2024-07-19 18:56:21 +0000] [8] [INFO] Booting worker with pid: 8
[2024-07-19 18:56:21 +0000] [9] [INFO] Booting worker with pid: 9
[2024-07-19 18:56:21 +0000] [10] [INFO] Booting worker with pid: 10
[2024-07-19 18:56:21 +0000] [11] [INFO] Booting worker with pid: 11
[2024-07-19 18:56:21 +0000] [12] [INFO] Booting worker with pid: 12
[2024-07-19 18:56:21 +0000] [13] [INFO] Booting worker with pid: 13
[2024-07-19 18:56:22 +0000] [14] [INFO] Booting worker with pid: 14
[2024-07-19 18:56:22 +0000] [15] [INFO] Booting worker with pid: 15
[2024-07-19 18:56:22 +0000] [16] [INFO] Booting worker with pid: 16
[2024-07-19 18:56:22 +0000] [17] [INFO] Booting worker with pid: 17
[2024-07-19 18:56:22 +0000] [18] [INFO] Booting worker with pid: 18
[2024-07-19 18:56:22 +0000] [19] [INFO] Booting worker with pid: 19
[2024-07-19 18:56:22 +0000] [20] [INFO] Booting worker with pid: 20
[2024-07-19 18:56:22 +0000] [21] [INFO] Booting worker with pid: 21
[2024-07-19 18:56:22 +0000] [22] [INFO] Booting worker with pid: 22
[2024-07-19 18:56:22 +0000] [23] [INFO] Booting worker with pid: 23
[2024-07-19 18:56:34 +0000] [1] [INFO] Handling signal: term
[2024-07-19 18:56:34 +0000] [8] [INFO] Worker exiting (pid: 8)
[2024-07-19 18:56:34 +0000] [7] [INFO] Worker exiting (pid: 7)
[2024-07-19 18:56:34 +0000] [14] [INFO] Worker exiting (pid: 14)
[2024-07-19 18:56:34 +0000] [22] [INFO] Worker exiting (pid: 22)
[2024-07-19 18:56:34 +0000] [19] [INFO] Worker exiting (pid: 19)
[2024-07-19 18:56:34 +0000] [10] [INFO] Worker exiting (pid: 10)
[2024-07-19 18:56:34 +0000] [16] [INFO] Worker exiting (pid: 16)
[2024-07-19 18:56:34 +0000] [20] [INFO] Worker exiting (pid: 20)
[2024-07-19 18:56:34 +0000] [9] [INFO] Worker exiting (pid: 9)
[2024-07-19 18:56:34 +0000] [11] [INFO] Worker exiting (pid: 11)
[2024-07-19 18:56:34 +0000] [17] [INFO] Worker exiting (pid: 17)
[2024-07-19 18:56:34 +0000] [21] [INFO] Worker exiting (pid: 21)
[2024-07-19 18:56:34 +0000] [18] [INFO] Worker exiting (pid: 18)
[2024-07-19 18:56:34 +0000] [12] [INFO] Worker exiting (pid: 12)
[2024-07-19 18:56:34 +0000] [23] [INFO] Worker exiting (pid: 23)
[2024-07-19 18:56:34 +0000] [15] [INFO] Worker exiting (pid: 15)
[2024-07-19 18:56:34 +0000] [13] [INFO] Worker exiting (pid: 13)
[2024-07-19 18:56:35 +0000] [1] [INFO] Shutting down: Master
[2024-07-19 18:56:37 +0000] [1] [INFO] Starting gunicorn 22.0.0
[2024-07-19 18:56:37 +0000] [1] [INFO] Listening at: http://0.0.0.0:8000 (1)
[2024-07-19 18:56:37 +0000] [1] [INFO] Using worker: sync
[2024-07-19 18:56:37 +0000] [7] [INFO] Booting worker with pid: 7
[2024-07-19 18:56:38 +0000] [8] [INFO] Booting worker with pid: 8
[2024-07-19 18:56:38 +0000] [9] [INFO] Booting worker with pid: 9
[2024-07-19 18:56:38 +0000] [10] [INFO] Booting worker with pid: 10
[2024-07-19 18:56:38 +0000] [11] [INFO] Booting worker with pid: 11
[2024-07-19 18:56:38 +0000] [12] [INFO] Booting worker with pid: 12
[2024-07-19 18:56:38 +0000] [13] [INFO] Booting worker with pid: 13
[2024-07-19 18:56:38 +0000] [14] [INFO] Booting worker with pid: 14
[2024-07-19 18:56:38 +0000] [16] [INFO] Booting worker with pid: 16
[2024-07-19 18:56:38 +0000] [15] [INFO] Booting worker with pid: 15
[2024-07-19 18:56:38 +0000] [17] [INFO] Booting worker with pid: 17
[2024-07-19 18:56:38 +0000] [19] [INFO] Booting worker with pid: 19
[2024-07-19 18:56:38 +0000] [18] [INFO] Booting worker with pid: 18
[2024-07-19 18:56:38 +0000] [20] [INFO] Booting worker with pid: 20
[2024-07-19 18:56:38 +0000] [21] [INFO] Booting worker with pid: 21
[2024-07-19 18:56:38 +0000] [22] [INFO] Booting worker with pid: 22
[2024-07-19 18:56:38 +0000] [23] [INFO] Booting worker with pid: 23
[2024-07-19 19:08:38 +0000] [1] [INFO] Handling signal: term
[2024-07-19 19:08:38 +0000] [9] [INFO] Worker exiting (pid: 9)
[2024-07-19 19:08:38 +0000] [12] [INFO] Worker exiting (pid: 12)
[2024-07-19 19:08:38 +0000] [7] [INFO] Worker exiting (pid: 7)
[2024-07-19 19:08:38 +0000] [8] [INFO] Worker exiting (pid: 8)
[2024-07-19 19:08:38 +0000] [16] [INFO] Worker exiting (pid: 16)
[2024-07-19 19:08:38 +0000] [13] [INFO] Worker exiting (pid: 13)
[2024-07-19 19:08:38 +0000] [11] [INFO] Worker exiting (pid: 11)
[2024-07-19 19:08:38 +0000] [21] [INFO] Worker exiting (pid: 21)
[2024-07-19 19:08:38 +0000] [15] [INFO] Worker exiting (pid: 15)
[2024-07-19 19:08:38 +0000] [17] [INFO] Worker exiting (pid: 17)
[2024-07-19 19:08:38 +0000] [14] [INFO] Worker exiting (pid: 14)
[2024-07-19 19:08:38 +0000] [20] [INFO] Worker exiting (pid: 20)
[2024-07-19 19:08:38 +0000] [23] [INFO] Worker exiting (pid: 23)
[2024-07-19 19:08:38 +0000] [19] [INFO] Worker exiting (pid: 19)
[2024-07-19 19:08:38 +0000] [10] [INFO] Worker exiting (pid: 10)
[2024-07-19 19:08:38 +0000] [18] [INFO] Worker exiting (pid: 18)
[2024-07-19 19:08:38 +0000] [22] [INFO] Worker exiting (pid: 22)
[2024-07-19 19:08:39 +0000] [1] [INFO] Shutting down: Master
[2024-07-19 19:08:57 +0000] [1] [INFO] Starting gunicorn 22.0.0
[2024-07-19 19:08:57 +0000] [1] [INFO] Listening at: http://0.0.0.0:8000 (1)
[2024-07-19 19:08:57 +0000] [1] [INFO] Using worker: sync
[2024-07-19 19:08:57 +0000] [8] [INFO] Booting worker with pid: 8
[2024-07-19 19:08:57 +0000] [9] [INFO] Booting worker with pid: 9
[2024-07-19 19:08:57 +0000] [10] [INFO] Booting worker with pid: 10
[2024-07-19 19:08:57 +0000] [11] [INFO] Booting worker with pid: 11
[2024-07-19 19:08:57 +0000] [12] [INFO] Booting worker with pid: 12
[2024-07-19 19:08:57 +0000] [13] [INFO] Booting worker with pid: 13
[2024-07-19 19:08:57 +0000] [14] [INFO] Booting worker with pid: 14
[2024-07-19 19:08:57 +0000] [15] [INFO] Booting worker with pid: 15
[2024-07-19 19:08:57 +0000] [16] [INFO] Booting worker with pid: 16
[2024-07-19 19:08:57 +0000] [17] [INFO] Booting worker with pid: 17
[2024-07-19 19:08:57 +0000] [18] [INFO] Booting worker with pid: 18
[2024-07-19 19:08:57 +0000] [19] [INFO] Booting worker with pid: 19
[2024-07-19 19:08:57 +0000] [20] [INFO] Booting worker with pid: 20
[2024-07-19 19:08:57 +0000] [21] [INFO] Booting worker with pid: 21
[2024-07-19 19:08:58 +0000] [22] [INFO] Booting worker with pid: 22
[2024-07-19 19:08:58 +0000] [23] [INFO] Booting worker with pid: 23
[2024-07-19 19:08:58 +0000] [24] [INFO] Booting worker with pid: 24
[2024-07-23 00:00:08 +0000] [1] [INFO] Starting gunicorn 22.0.0
[2024-07-23 00:00:08 +0000] [1] [INFO] Listening at: http://0.0.0.0:8000 (1)
[2024-07-23 00:00:08 +0000] [1] [INFO] Using worker: sync
[2024-07-23 00:00:08 +0000] [7] [INFO] Booting worker with pid: 7
[2024-07-23 00:00:08 +0000] [8] [INFO] Booting worker with pid: 8
[2024-07-23 00:00:08 +0000] [9] [INFO] Booting worker with pid: 9
[2024-07-23 00:00:08 +0000] [10] [INFO] Booting worker with pid: 10
[2024-07-23 00:00:08 +0000] [11] [INFO] Booting worker with pid: 11
[2024-07-23 00:00:08 +0000] [12] [INFO] Booting worker with pid: 12
[2024-07-23 00:00:09 +0000] [13] [INFO] Booting worker with pid: 13
[2024-07-23 00:00:09 +0000] [14] [INFO] Booting worker with pid: 14
[2024-07-23 00:00:09 +0000] [15] [INFO] Booting worker with pid: 15
[2024-07-23 00:00:09 +0000] [16] [INFO] Booting worker with pid: 16
[2024-07-23 00:00:09 +0000] [17] [INFO] Booting worker with pid: 17
[2024-07-23 00:00:09 +0000] [18] [INFO] Booting worker with pid: 18
[2024-07-23 00:00:09 +0000] [19] [INFO] Booting worker with pid: 19
[2024-07-23 00:00:09 +0000] [20] [INFO] Booting worker with pid: 20
[2024-07-23 00:00:09 +0000] [21] [INFO] Booting worker with pid: 21
[2024-07-23 00:00:09 +0000] [22] [INFO] Booting worker with pid: 22
[2024-07-23 00:00:09 +0000] [23] [INFO] Booting worker with pid: 23
[2024-07-23 00:00:31 +0000] [1] [INFO] Handling signal: term
[2024-07-23 00:00:31 +0000] [8] [INFO] Worker exiting (pid: 8)
[2024-07-23 00:00:31 +0000] [22] [INFO] Worker exiting (pid: 22)
[2024-07-23 00:00:31 +0000] [10] [INFO] Worker exiting (pid: 10)
[2024-07-23 00:00:31 +0000] [11] [INFO] Worker exiting (pid: 11)
[2024-07-23 00:00:31 +0000] [20] [INFO] Worker exiting (pid: 20)
[2024-07-23 00:00:31 +0000] [7] [INFO] Worker exiting (pid: 7)
[2024-07-23 00:00:31 +0000] [13] [INFO] Worker exiting (pid: 13)
[2024-07-23 00:00:31 +0000] [14] [INFO] Worker exiting (pid: 14)
[2024-07-23 00:00:31 +0000] [21] [INFO] Worker exiting (pid: 21)
[2024-07-23 00:00:31 +0000] [15] [INFO] Worker exiting (pid: 15)
[2024-07-23 00:00:31 +0000] [9] [INFO] Worker exiting (pid: 9)
[2024-07-23 00:00:31 +0000] [12] [INFO] Worker exiting (pid: 12)
[2024-07-23 00:00:31 +0000] [23] [INFO] Worker exiting (pid: 23)
[2024-07-23 00:00:31 +0000] [17] [INFO] Worker exiting (pid: 17)
[2024-07-23 00:00:31 +0000] [18] [INFO] Worker exiting (pid: 18)
[2024-07-23 00:00:31 +0000] [19] [INFO] Worker exiting (pid: 19)
[2024-07-23 00:00:31 +0000] [16] [INFO] Worker exiting (pid: 16)
[2024-07-23 00:00:32 +0000] [1] [INFO] Shutting down: Master
[2024-07-23 00:03:05 +0000] [1] [INFO] Starting gunicorn 22.0.0
[2024-07-23 00:03:05 +0000] [1] [INFO] Listening at: http://0.0.0.0:8000 (1)
[2024-07-23 00:03:05 +0000] [1] [INFO] Using worker: sync
[2024-07-23 00:03:05 +0000] [7] [INFO] Booting worker with pid: 7
[2024-07-23 00:03:06 +0000] [8] [INFO] Booting worker with pid: 8
[2024-07-23 00:03:06 +0000] [9] [INFO] Booting worker with pid: 9
[2024-07-23 00:03:06 +0000] [10] [INFO] Booting worker with pid: 10
[2024-07-23 00:03:06 +0000] [11] [INFO] Booting worker with pid: 11
[2024-07-23 00:03:06 +0000] [12] [INFO] Booting worker with pid: 12
[2024-07-23 00:03:06 +0000] [13] [INFO] Booting worker with pid: 13
[2024-07-23 00:03:06 +0000] [14] [INFO] Booting worker with pid: 14
[2024-07-23 00:03:06 +0000] [15] [INFO] Booting worker with pid: 15
[2024-07-23 00:03:06 +0000] [16] [INFO] Booting worker with pid: 16
[2024-07-23 00:03:06 +0000] [17] [INFO] Booting worker with pid: 17
[2024-07-23 00:03:06 +0000] [18] [INFO] Booting worker with pid: 18
[2024-07-23 00:03:06 +0000] [19] [INFO] Booting worker with pid: 19
[2024-07-23 00:03:06 +0000] [21] [INFO] Booting worker with pid: 21
[2024-07-23 00:03:06 +0000] [20] [INFO] Booting worker with pid: 20
[2024-07-23 00:03:06 +0000] [22] [INFO] Booting worker with pid: 22
[2024-07-23 00:03:06 +0000] [23] [INFO] Booting worker with pid: 23
[2024-07-23 00:04:06 +0000] [1] [INFO] Handling signal: term
[2024-07-23 00:04:06 +0000] [8] [INFO] Worker exiting (pid: 8)
[2024-07-23 00:04:06 +0000] [10] [INFO] Worker exiting (pid: 10)
[2024-07-23 00:04:06 +0000] [12] [INFO] Worker exiting (pid: 12)
[2024-07-23 00:04:06 +0000] [15] [INFO] Worker exiting (pid: 15)
[2024-07-23 00:04:06 +0000] [19] [INFO] Worker exiting (pid: 19)
[2024-07-23 00:04:06 +0000] [14] [INFO] Worker exiting (pid: 14)
[2024-07-23 00:04:06 +0000] [17] [INFO] Worker exiting (pid: 17)
[2024-07-23 00:04:06 +0000] [13] [INFO] Worker exiting (pid: 13)
[2024-07-23 00:04:06 +0000] [9] [INFO] Worker exiting (pid: 9)
[2024-07-23 00:04:06 +0000] [11] [INFO] Worker exiting (pid: 11)
[2024-07-23 00:04:06 +0000] [16] [INFO] Worker exiting (pid: 16)
[2024-07-23 00:04:06 +0000] [21] [INFO] Worker exiting (pid: 21)
[2024-07-23 00:04:06 +0000] [23] [INFO] Worker exiting (pid: 23)
[2024-07-23 00:04:06 +0000] [18] [INFO] Worker exiting (pid: 18)
[2024-07-23 00:04:06 +0000] [7] [INFO] Worker exiting (pid: 7)
[2024-07-23 00:04:06 +0000] [20] [INFO] Worker exiting (pid: 20)
[2024-07-23 00:04:06 +0000] [22] [INFO] Worker exiting (pid: 22)
[2024-07-23 00:04:07 +0000] [1] [INFO] Shutting down: Master
